skse64 loader 02000110 01D7A356C83ECA37 6.1 (7601)
config path = Z:\home\arminveres\.local\share\Steam\steamapps\common\Skyrim Special Edition\Data\SKSE\skse.ini
procPath = Z:\home\arminveres\.local\share\Steam\steamapps\common\Skyrim Special Edition\\SkyrimSE.exe
launching: SkyrimSE.exe (Z:\home\arminveres\.local\share\Steam\steamapps\common\Skyrim Special Edition\\SkyrimSE.exe)
dwSignature = FEEF04BD
dwStrucVersion = 00010000
dwFileVersionMS = 00010000
dwFileVersionLS = 00000000
dwProductVersionMS = 00010000
dwProductVersionLS = 00000000
dwFileFlagsMask = 00000017
dwFileFlags = 00000000
dwFileOS = 00000004
dwFileType = 00000001
dwFileSubtype = 00000000
dwFileDateMS = 00000000
dwFileDateLS = 00000000
productVersionStr = 1.5.97.0
version = 0001000500610000
product name = TESV: Skyrim
steam exe
dll = Z:\home\arminveres\.local\share\Steam\steamapps\common\Skyrim Special Edition\\skse64_1_5_97.dll
main thread id = 380
hookBase = 0000000000230000
loadLibraryAAddr = 000000007B60E25C
hook thread complete
launching
