SKSE64 runtime: initialize (version = 2.0.17 01050610 01D7A356C8B2E876, os = 6.1 (7601))
imagebase = 0000000140000000
reloc mgr imagebase = 0000000140000000
config path = Z:\home\arminveres\.local\share\Steam\steamapps\common\Skyrim Special Edition\Data\SKSE\skse.ini
plugin directory = Z:\home\arminveres\.local\share\Steam\steamapps\common\Skyrim Special Edition\Data\SKSE\Plugins\
checking plugin Z:\home\arminveres\.local\share\Steam\steamapps\common\Skyrim Special Edition\Data\SKSE\Plugins\\AchievementsModsEnablerLoader.dll
plugin Z:\home\arminveres\.local\share\Steam\steamapps\common\Skyrim Special Edition\Data\SKSE\Plugins\\AchievementsModsEnablerLoader.dll (00000001 AchievementsModsEnabler 00000001) loaded correctly
checking plugin Z:\home\arminveres\.local\share\Steam\steamapps\common\Skyrim Special Edition\Data\SKSE\Plugins\\EngineFixes.dll
unknown QueryInterface 00000007
registering plugin listener for SKSE at 2 of 3
plugin Z:\home\arminveres\.local\share\Steam\steamapps\common\Skyrim Special Edition\Data\SKSE\Plugins\\EngineFixes.dll (00000001 EngineFixes plugin 00000005) loaded correctly
dispatch message (0) to plugin listeners
sending message type 0 to plugin 2
dispatched message.
dispatch message (1) to plugin listeners
sending message type 1 to plugin 2
dispatched message.
init complete
hooked dinput
dispatch message (6) to plugin listeners
sending message type 6 to plugin 2
dispatched message.
Reading translations from Interface\Translations\SkyUI_SE_ENGLISH.txt...
Reading translations from Interface\Translations\Hothtrooper44_ArmorCompilation_ENGLISH.txt...
Reading translations from Interface\Translations\Vivid WeathersSE_ENGLISH.txt...
Reading translations from Interface\Translations\WetandCold_ENGLISH.txt...
dispatch message (8) to plugin listeners
sending message type 8 to plugin 2
dispatched message.
save name is Quicksave0_00000000_0_41726D696E_DLC2SolstheimWorld_031422_20210905124736_54_1
full save path: C:\users\steamuser\Documents\My Games\Skyrim Special Edition\Saves\\Quicksave0_00000000_0_41726D696E_DLC2SolstheimWorld_031422_20210905124736_54_1.skse
dispatch message (2) to plugin listeners
sending message type 2 to plugin 2
dispatched message.
loading co-save
Loading plugin list:
	(0 -> 0)	Skyrim.esm
	(1 -> 1)	Update.esm
	(2 -> 2)	Dawnguard.esm
	(3 -> 3)	HearthFires.esm
	(4 -> 4)	Dragonborn.esm
	(5 -> 5)	RSkyrimChildren.esm
	(6 -> 6)	Lanterns Of Skyrim - All In One - Main.esm
	(7 -> 7)	Unofficial Skyrim Special Edition Patch.esp
	(1040384 -> 1040384)	RealisticWaterTwo - Resources.esm
	(8 -> 8)	SMIM-SE-Merged-All.esp
	(9 -> 9)	ELFX - Exteriors.esp
	(10 -> 10)	EnhancedLightsandFX.esp
	(11 -> 11)	SkyUI_SE.esp
	(12 -> 12)	SkyrimIsWindy.esp
	(13 -> 13)	Skyrim Flora Overhaul.esp
	(14 -> 14)	Landscape Fixes For Grass Mods.esp
	(15 -> 15)	Cutting Room Floor.esp
	(16 -> 16)	ELFX - Weathers.esp
	(17 -> 17)	Hothtrooper44_ArmorCompilation.esp
	(18 -> 18)	Hothtrooper44_Armor_Ecksstra.esp
	(19 -> 19)	Vivid WeathersSE.esp
	(20 -> 20)	Joy of Perspective.esp
	(21 -> 21)	RSChildren.esp
	(22 -> 22)	FNIS.esp
	(23 -> 23)	IcePenguinWorldMap.esp
	(24 -> 24)	widescreen_skyui_fix.esp
	(25 -> 25)	RLO - Exteriors.esp
	(26 -> 26)	RLO - Interiors.esp
	(27 -> 27)	Immersive Patrols II.esp
	(28 -> 28)	Ars Metallica.esp
	(29 -> 29)	WetandCold.esp
	(30 -> 30)	BarenziahQuestMarkers.esp
	(31 -> 31)	UnreadBooksGlow.esp
	(32 -> 32)	Footprints.esp
	(33 -> 33)	imp_helm_legend.esp
	(34 -> 34)	Chesko_LoreBasedLoadingScreens.esp
	(35 -> 35)	dD - Realistic Ragdoll Force - Realistic.esp
	(36 -> 36)	RichMerchantsSkyrim_x10.esp
	(37 -> 37)	Runandwalkpaces.esp
	(38 -> 38)	RLO - CRF Patch.esp
	(39 -> 39)	RLO - Effects.esp
	(40 -> 40)	RLO - Illuminated Spells.esp
	(41 -> 41)	RLO - VIS Patch.esp
	(42 -> 42)	Immersive Citizens - AI Overhaul.esp
	(43 -> 43)	RLO - IC Patch.esp
	(44 -> 44)	ELFXEnhancer.esp
	(45 -> 45)	Immersive Citizens - ELFXEnhancer patch.esp
	(46 -> 46)	RealisticWaterTwo.esp
Loading menu open/close event registrations...
Loading key input event registrations...
Loading control input event registrations...
Loading mod callback event registrations...
Loading crosshair ref event registrations...
Loading camera event registrations...
Loading actor action event registrations...
Loading NiNode update event registrations...
Loading SKSEPersistentObjectStorage data...
Loading SKSEDelayFunctorManager data...
dispatch message (3) to plugin listeners
sending message type 3 to plugin 2
dispatched message.
cleared save path
WidgetLoader.as: setRootPath(a_path = )
WidgetLoader.as: loadWidget(a_widgetID = 0, a_widgetSource = skyui/activeeffects.swf)
save name is Autosave2_00000000_0_41726D696E_DLC2CastleKarstaagRuins01_031428_20210906194411_54_1
full save path: C:\users\steamuser\Documents\My Games\Skyrim Special Edition\Saves\\Autosave2_00000000_0_41726D696E_DLC2CastleKarstaagRuins01_031428_20210906194411_54_1.skse
dispatch message (4) to plugin listeners
sending message type 4 to plugin 2
dispatched message.
creating co-save
Saving plugin list:
	[0]	Skyrim.esm
	[1]	Update.esm
	[2]	Dawnguard.esm
	[3]	HearthFires.esm
	[4]	Dragonborn.esm
	[5]	RSkyrimChildren.esm
	[6]	Lanterns Of Skyrim - All In One - Main.esm
	[7]	Unofficial Skyrim Special Edition Patch.esp
	[FE:0]	RealisticWaterTwo - Resources.esm
	[8]	SMIM-SE-Merged-All.esp
	[9]	ELFX - Exteriors.esp
	[10]	EnhancedLightsandFX.esp
	[11]	SkyUI_SE.esp
	[12]	SkyrimIsWindy.esp
	[13]	Skyrim Flora Overhaul.esp
	[14]	Landscape Fixes For Grass Mods.esp
	[15]	Cutting Room Floor.esp
	[16]	ELFX - Weathers.esp
	[17]	Hothtrooper44_ArmorCompilation.esp
	[18]	Hothtrooper44_Armor_Ecksstra.esp
	[19]	Vivid WeathersSE.esp
	[20]	Joy of Perspective.esp
	[21]	RSChildren.esp
	[22]	FNIS.esp
	[23]	IcePenguinWorldMap.esp
	[24]	widescreen_skyui_fix.esp
	[25]	RLO - Exteriors.esp
	[26]	RLO - Interiors.esp
	[27]	Immersive Patrols II.esp
	[28]	Ars Metallica.esp
	[29]	WetandCold.esp
	[30]	BarenziahQuestMarkers.esp
	[31]	UnreadBooksGlow.esp
	[32]	Footprints.esp
	[33]	imp_helm_legend.esp
	[34]	Chesko_LoreBasedLoadingScreens.esp
	[35]	dD - Realistic Ragdoll Force - Realistic.esp
	[36]	RichMerchantsSkyrim_x10.esp
	[37]	Runandwalkpaces.esp
	[38]	RLO - CRF Patch.esp
	[39]	RLO - Effects.esp
	[40]	RLO - Illuminated Spells.esp
	[41]	RLO - VIS Patch.esp
	[42]	Immersive Citizens - AI Overhaul.esp
	[43]	RLO - IC Patch.esp
	[44]	ELFXEnhancer.esp
	[45]	Immersive Citizens - ELFXEnhancer patch.esp
	[46]	RealisticWaterTwo.esp
Saving menu open/close event registrations...
Saving key input event registrations...
Saving control input event registrations...
Saving mod callback event registrations...
Saving crosshair ref event registrations...
Saving camera event registrations...
Saving actor action event registrations...
Saving NiNode update event registrations...
Saving SKSEPersistentObjectStorage data...
Saving SKSEDelayFunctorManager data...
cleared save path
save name is Autosave3_00000000_0_41726D696E_DLC2SolstheimWorld_031432_20210906194845_54_1
full save path: C:\users\steamuser\Documents\My Games\Skyrim Special Edition\Saves\\Autosave3_00000000_0_41726D696E_DLC2SolstheimWorld_031432_20210906194845_54_1.skse
dispatch message (4) to plugin listeners
sending message type 4 to plugin 2
dispatched message.
creating co-save
Saving plugin list:
	[0]	Skyrim.esm
	[1]	Update.esm
	[2]	Dawnguard.esm
	[3]	HearthFires.esm
	[4]	Dragonborn.esm
	[5]	RSkyrimChildren.esm
	[6]	Lanterns Of Skyrim - All In One - Main.esm
	[7]	Unofficial Skyrim Special Edition Patch.esp
	[FE:0]	RealisticWaterTwo - Resources.esm
	[8]	SMIM-SE-Merged-All.esp
	[9]	ELFX - Exteriors.esp
	[10]	EnhancedLightsandFX.esp
	[11]	SkyUI_SE.esp
	[12]	SkyrimIsWindy.esp
	[13]	Skyrim Flora Overhaul.esp
	[14]	Landscape Fixes For Grass Mods.esp
	[15]	Cutting Room Floor.esp
	[16]	ELFX - Weathers.esp
	[17]	Hothtrooper44_ArmorCompilation.esp
	[18]	Hothtrooper44_Armor_Ecksstra.esp
	[19]	Vivid WeathersSE.esp
	[20]	Joy of Perspective.esp
	[21]	RSChildren.esp
	[22]	FNIS.esp
	[23]	IcePenguinWorldMap.esp
	[24]	widescreen_skyui_fix.esp
	[25]	RLO - Exteriors.esp
	[26]	RLO - Interiors.esp
	[27]	Immersive Patrols II.esp
	[28]	Ars Metallica.esp
	[29]	WetandCold.esp
	[30]	BarenziahQuestMarkers.esp
	[31]	UnreadBooksGlow.esp
	[32]	Footprints.esp
	[33]	imp_helm_legend.esp
	[34]	Chesko_LoreBasedLoadingScreens.esp
	[35]	dD - Realistic Ragdoll Force - Realistic.esp
	[36]	RichMerchantsSkyrim_x10.esp
	[37]	Runandwalkpaces.esp
	[38]	RLO - CRF Patch.esp
	[39]	RLO - Effects.esp
	[40]	RLO - Illuminated Spells.esp
	[41]	RLO - VIS Patch.esp
	[42]	Immersive Citizens - AI Overhaul.esp
	[43]	RLO - IC Patch.esp
	[44]	ELFXEnhancer.esp
	[45]	Immersive Citizens - ELFXEnhancer patch.esp
	[46]	RealisticWaterTwo.esp
Saving menu open/close event registrations...
Saving key input event registrations...
Saving control input event registrations...
Saving mod callback event registrations...
Saving crosshair ref event registrations...
Saving camera event registrations...
Saving actor action event registrations...
Saving NiNode update event registrations...
Saving SKSEPersistentObjectStorage data...
Saving SKSEDelayFunctorManager data...
cleared save path
save name is Autosave1_00000000_0_41726D696E_DLC2SolstheimWorld_031433_20210906194925_54_1
full save path: C:\users\steamuser\Documents\My Games\Skyrim Special Edition\Saves\\Autosave1_00000000_0_41726D696E_DLC2SolstheimWorld_031433_20210906194925_54_1.skse
dispatch message (4) to plugin listeners
sending message type 4 to plugin 2
dispatched message.
creating co-save
Saving plugin list:
	[0]	Skyrim.esm
	[1]	Update.esm
	[2]	Dawnguard.esm
	[3]	HearthFires.esm
	[4]	Dragonborn.esm
	[5]	RSkyrimChildren.esm
	[6]	Lanterns Of Skyrim - All In One - Main.esm
	[7]	Unofficial Skyrim Special Edition Patch.esp
	[FE:0]	RealisticWaterTwo - Resources.esm
	[8]	SMIM-SE-Merged-All.esp
	[9]	ELFX - Exteriors.esp
	[10]	EnhancedLightsandFX.esp
	[11]	SkyUI_SE.esp
	[12]	SkyrimIsWindy.esp
	[13]	Skyrim Flora Overhaul.esp
	[14]	Landscape Fixes For Grass Mods.esp
	[15]	Cutting Room Floor.esp
	[16]	ELFX - Weathers.esp
	[17]	Hothtrooper44_ArmorCompilation.esp
	[18]	Hothtrooper44_Armor_Ecksstra.esp
	[19]	Vivid WeathersSE.esp
	[20]	Joy of Perspective.esp
	[21]	RSChildren.esp
	[22]	FNIS.esp
	[23]	IcePenguinWorldMap.esp
	[24]	widescreen_skyui_fix.esp
	[25]	RLO - Exteriors.esp
	[26]	RLO - Interiors.esp
	[27]	Immersive Patrols II.esp
	[28]	Ars Metallica.esp
	[29]	WetandCold.esp
	[30]	BarenziahQuestMarkers.esp
	[31]	UnreadBooksGlow.esp
	[32]	Footprints.esp
	[33]	imp_helm_legend.esp
	[34]	Chesko_LoreBasedLoadingScreens.esp
	[35]	dD - Realistic Ragdoll Force - Realistic.esp
	[36]	RichMerchantsSkyrim_x10.esp
	[37]	Runandwalkpaces.esp
	[38]	RLO - CRF Patch.esp
	[39]	RLO - Effects.esp
	[40]	RLO - Illuminated Spells.esp
	[41]	RLO - VIS Patch.esp
	[42]	Immersive Citizens - AI Overhaul.esp
	[43]	RLO - IC Patch.esp
	[44]	ELFXEnhancer.esp
	[45]	Immersive Citizens - ELFXEnhancer patch.esp
	[46]	RealisticWaterTwo.esp
Saving menu open/close event registrations...
Saving key input event registrations...
Saving control input event registrations...
Saving mod callback event registrations...
Saving crosshair ref event registrations...
Saving camera event registrations...
Saving actor action event registrations...
Saving NiNode update event registrations...
Saving SKSEPersistentObjectStorage data...
Saving SKSEDelayFunctorManager data...
cleared save path
save name is Autosave2_00000000_0_41726D696E_DLC2SolstheimWorld_031433_20210906194949_54_1
full save path: C:\users\steamuser\Documents\My Games\Skyrim Special Edition\Saves\\Autosave2_00000000_0_41726D696E_DLC2SolstheimWorld_031433_20210906194949_54_1.skse
dispatch message (4) to plugin listeners
sending message type 4 to plugin 2
dispatched message.
creating co-save
Saving plugin list:
	[0]	Skyrim.esm
	[1]	Update.esm
	[2]	Dawnguard.esm
	[3]	HearthFires.esm
	[4]	Dragonborn.esm
	[5]	RSkyrimChildren.esm
	[6]	Lanterns Of Skyrim - All In One - Main.esm
	[7]	Unofficial Skyrim Special Edition Patch.esp
	[FE:0]	RealisticWaterTwo - Resources.esm
	[8]	SMIM-SE-Merged-All.esp
	[9]	ELFX - Exteriors.esp
	[10]	EnhancedLightsandFX.esp
	[11]	SkyUI_SE.esp
	[12]	SkyrimIsWindy.esp
	[13]	Skyrim Flora Overhaul.esp
	[14]	Landscape Fixes For Grass Mods.esp
	[15]	Cutting Room Floor.esp
	[16]	ELFX - Weathers.esp
	[17]	Hothtrooper44_ArmorCompilation.esp
	[18]	Hothtrooper44_Armor_Ecksstra.esp
	[19]	Vivid WeathersSE.esp
	[20]	Joy of Perspective.esp
	[21]	RSChildren.esp
	[22]	FNIS.esp
	[23]	IcePenguinWorldMap.esp
	[24]	widescreen_skyui_fix.esp
	[25]	RLO - Exteriors.esp
	[26]	RLO - Interiors.esp
	[27]	Immersive Patrols II.esp
	[28]	Ars Metallica.esp
	[29]	WetandCold.esp
	[30]	BarenziahQuestMarkers.esp
	[31]	UnreadBooksGlow.esp
	[32]	Footprints.esp
	[33]	imp_helm_legend.esp
	[34]	Chesko_LoreBasedLoadingScreens.esp
	[35]	dD - Realistic Ragdoll Force - Realistic.esp
	[36]	RichMerchantsSkyrim_x10.esp
	[37]	Runandwalkpaces.esp
	[38]	RLO - CRF Patch.esp
	[39]	RLO - Effects.esp
	[40]	RLO - Illuminated Spells.esp
	[41]	RLO - VIS Patch.esp
	[42]	Immersive Citizens - AI Overhaul.esp
	[43]	RLO - IC Patch.esp
	[44]	ELFXEnhancer.esp
	[45]	Immersive Citizens - ELFXEnhancer patch.esp
	[46]	RealisticWaterTwo.esp
Saving menu open/close event registrations...
Saving key input event registrations...
Saving control input event registrations...
Saving mod callback event registrations...
Saving crosshair ref event registrations...
Saving camera event registrations...
Saving actor action event registrations...
Saving NiNode update event registrations...
Saving SKSEPersistentObjectStorage data...
Saving SKSEDelayFunctorManager data...
cleared save path
save name is Autosave3_00000000_0_41726D696E_DLC2RRGloverMalloryHouse_031434_20210906195021_54_1
full save path: C:\users\steamuser\Documents\My Games\Skyrim Special Edition\Saves\\Autosave3_00000000_0_41726D696E_DLC2RRGloverMalloryHouse_031434_20210906195021_54_1.skse
dispatch message (4) to plugin listeners
sending message type 4 to plugin 2
dispatched message.
creating co-save
Saving plugin list:
	[0]	Skyrim.esm
	[1]	Update.esm
	[2]	Dawnguard.esm
	[3]	HearthFires.esm
	[4]	Dragonborn.esm
	[5]	RSkyrimChildren.esm
	[6]	Lanterns Of Skyrim - All In One - Main.esm
	[7]	Unofficial Skyrim Special Edition Patch.esp
	[FE:0]	RealisticWaterTwo - Resources.esm
	[8]	SMIM-SE-Merged-All.esp
	[9]	ELFX - Exteriors.esp
	[10]	EnhancedLightsandFX.esp
	[11]	SkyUI_SE.esp
	[12]	SkyrimIsWindy.esp
	[13]	Skyrim Flora Overhaul.esp
	[14]	Landscape Fixes For Grass Mods.esp
	[15]	Cutting Room Floor.esp
	[16]	ELFX - Weathers.esp
	[17]	Hothtrooper44_ArmorCompilation.esp
	[18]	Hothtrooper44_Armor_Ecksstra.esp
	[19]	Vivid WeathersSE.esp
	[20]	Joy of Perspective.esp
	[21]	RSChildren.esp
	[22]	FNIS.esp
	[23]	IcePenguinWorldMap.esp
	[24]	widescreen_skyui_fix.esp
	[25]	RLO - Exteriors.esp
	[26]	RLO - Interiors.esp
	[27]	Immersive Patrols II.esp
	[28]	Ars Metallica.esp
	[29]	WetandCold.esp
	[30]	BarenziahQuestMarkers.esp
	[31]	UnreadBooksGlow.esp
	[32]	Footprints.esp
	[33]	imp_helm_legend.esp
	[34]	Chesko_LoreBasedLoadingScreens.esp
	[35]	dD - Realistic Ragdoll Force - Realistic.esp
	[36]	RichMerchantsSkyrim_x10.esp
	[37]	Runandwalkpaces.esp
	[38]	RLO - CRF Patch.esp
	[39]	RLO - Effects.esp
	[40]	RLO - Illuminated Spells.esp
	[41]	RLO - VIS Patch.esp
	[42]	Immersive Citizens - AI Overhaul.esp
	[43]	RLO - IC Patch.esp
	[44]	ELFXEnhancer.esp
	[45]	Immersive Citizens - ELFXEnhancer patch.esp
	[46]	RealisticWaterTwo.esp
Saving menu open/close event registrations...
Saving key input event registrations...
Saving control input event registrations...
Saving mod callback event registrations...
Saving crosshair ref event registrations...
Saving camera event registrations...
Saving actor action event registrations...
Saving NiNode update event registrations...
Saving SKSEPersistentObjectStorage data...
Saving SKSEDelayFunctorManager data...
cleared save path
save name is Autosave1_00000000_0_41726D696E_DLC2SolstheimWorld_031437_20210906195305_54_1
full save path: C:\users\steamuser\Documents\My Games\Skyrim Special Edition\Saves\\Autosave1_00000000_0_41726D696E_DLC2SolstheimWorld_031437_20210906195305_54_1.skse
dispatch message (4) to plugin listeners
sending message type 4 to plugin 2
dispatched message.
creating co-save
Saving plugin list:
	[0]	Skyrim.esm
	[1]	Update.esm
	[2]	Dawnguard.esm
	[3]	HearthFires.esm
	[4]	Dragonborn.esm
	[5]	RSkyrimChildren.esm
	[6]	Lanterns Of Skyrim - All In One - Main.esm
	[7]	Unofficial Skyrim Special Edition Patch.esp
	[FE:0]	RealisticWaterTwo - Resources.esm
	[8]	SMIM-SE-Merged-All.esp
	[9]	ELFX - Exteriors.esp
	[10]	EnhancedLightsandFX.esp
	[11]	SkyUI_SE.esp
	[12]	SkyrimIsWindy.esp
	[13]	Skyrim Flora Overhaul.esp
	[14]	Landscape Fixes For Grass Mods.esp
	[15]	Cutting Room Floor.esp
	[16]	ELFX - Weathers.esp
	[17]	Hothtrooper44_ArmorCompilation.esp
	[18]	Hothtrooper44_Armor_Ecksstra.esp
	[19]	Vivid WeathersSE.esp
	[20]	Joy of Perspective.esp
	[21]	RSChildren.esp
	[22]	FNIS.esp
	[23]	IcePenguinWorldMap.esp
	[24]	widescreen_skyui_fix.esp
	[25]	RLO - Exteriors.esp
	[26]	RLO - Interiors.esp
	[27]	Immersive Patrols II.esp
	[28]	Ars Metallica.esp
	[29]	WetandCold.esp
	[30]	BarenziahQuestMarkers.esp
	[31]	UnreadBooksGlow.esp
	[32]	Footprints.esp
	[33]	imp_helm_legend.esp
	[34]	Chesko_LoreBasedLoadingScreens.esp
	[35]	dD - Realistic Ragdoll Force - Realistic.esp
	[36]	RichMerchantsSkyrim_x10.esp
	[37]	Runandwalkpaces.esp
	[38]	RLO - CRF Patch.esp
	[39]	RLO - Effects.esp
	[40]	RLO - Illuminated Spells.esp
	[41]	RLO - VIS Patch.esp
	[42]	Immersive Citizens - AI Overhaul.esp
	[43]	RLO - IC Patch.esp
	[44]	ELFXEnhancer.esp
	[45]	Immersive Citizens - ELFXEnhancer patch.esp
	[46]	RealisticWaterTwo.esp
Saving menu open/close event registrations...
Saving key input event registrations...
Saving control input event registrations...
Saving mod callback event registrations...
Saving crosshair ref event registrations...
Saving camera event registrations...
Saving actor action event registrations...
Saving NiNode update event registrations...
Saving SKSEPersistentObjectStorage data...
Saving SKSEDelayFunctorManager data...
cleared save path
save name is Autosave2_00000000_0_41726D696E_DLC2SolstheimWorld_031437_20210906195351_54_1
full save path: C:\users\steamuser\Documents\My Games\Skyrim Special Edition\Saves\\Autosave2_00000000_0_41726D696E_DLC2SolstheimWorld_031437_20210906195351_54_1.skse
dispatch message (4) to plugin listeners
sending message type 4 to plugin 2
dispatched message.
creating co-save
Saving plugin list:
	[0]	Skyrim.esm
	[1]	Update.esm
	[2]	Dawnguard.esm
	[3]	HearthFires.esm
	[4]	Dragonborn.esm
	[5]	RSkyrimChildren.esm
	[6]	Lanterns Of Skyrim - All In One - Main.esm
	[7]	Unofficial Skyrim Special Edition Patch.esp
	[FE:0]	RealisticWaterTwo - Resources.esm
	[8]	SMIM-SE-Merged-All.esp
	[9]	ELFX - Exteriors.esp
	[10]	EnhancedLightsandFX.esp
	[11]	SkyUI_SE.esp
	[12]	SkyrimIsWindy.esp
	[13]	Skyrim Flora Overhaul.esp
	[14]	Landscape Fixes For Grass Mods.esp
	[15]	Cutting Room Floor.esp
	[16]	ELFX - Weathers.esp
	[17]	Hothtrooper44_ArmorCompilation.esp
	[18]	Hothtrooper44_Armor_Ecksstra.esp
	[19]	Vivid WeathersSE.esp
	[20]	Joy of Perspective.esp
	[21]	RSChildren.esp
	[22]	FNIS.esp
	[23]	IcePenguinWorldMap.esp
	[24]	widescreen_skyui_fix.esp
	[25]	RLO - Exteriors.esp
	[26]	RLO - Interiors.esp
	[27]	Immersive Patrols II.esp
	[28]	Ars Metallica.esp
	[29]	WetandCold.esp
	[30]	BarenziahQuestMarkers.esp
	[31]	UnreadBooksGlow.esp
	[32]	Footprints.esp
	[33]	imp_helm_legend.esp
	[34]	Chesko_LoreBasedLoadingScreens.esp
	[35]	dD - Realistic Ragdoll Force - Realistic.esp
	[36]	RichMerchantsSkyrim_x10.esp
	[37]	Runandwalkpaces.esp
	[38]	RLO - CRF Patch.esp
	[39]	RLO - Effects.esp
	[40]	RLO - Illuminated Spells.esp
	[41]	RLO - VIS Patch.esp
	[42]	Immersive Citizens - AI Overhaul.esp
	[43]	RLO - IC Patch.esp
	[44]	ELFXEnhancer.esp
	[45]	Immersive Citizens - ELFXEnhancer patch.esp
	[46]	RealisticWaterTwo.esp
Saving menu open/close event registrations...
Saving key input event registrations...
Saving control input event registrations...
Saving mod callback event registrations...
Saving crosshair ref event registrations...
Saving camera event registrations...
Saving actor action event registrations...
Saving NiNode update event registrations...
Saving SKSEPersistentObjectStorage data...
Saving SKSEDelayFunctorManager data...
cleared save path
save name is Autosave3_00000000_0_41726D696E_DLC2GyldenhulBarrow01_031439_20210906195527_54_1
full save path: C:\users\steamuser\Documents\My Games\Skyrim Special Edition\Saves\\Autosave3_00000000_0_41726D696E_DLC2GyldenhulBarrow01_031439_20210906195527_54_1.skse
dispatch message (4) to plugin listeners
sending message type 4 to plugin 2
dispatched message.
creating co-save
Saving plugin list:
	[0]	Skyrim.esm
	[1]	Update.esm
	[2]	Dawnguard.esm
	[3]	HearthFires.esm
	[4]	Dragonborn.esm
	[5]	RSkyrimChildren.esm
	[6]	Lanterns Of Skyrim - All In One - Main.esm
	[7]	Unofficial Skyrim Special Edition Patch.esp
	[FE:0]	RealisticWaterTwo - Resources.esm
	[8]	SMIM-SE-Merged-All.esp
	[9]	ELFX - Exteriors.esp
	[10]	EnhancedLightsandFX.esp
	[11]	SkyUI_SE.esp
	[12]	SkyrimIsWindy.esp
	[13]	Skyrim Flora Overhaul.esp
	[14]	Landscape Fixes For Grass Mods.esp
	[15]	Cutting Room Floor.esp
	[16]	ELFX - Weathers.esp
	[17]	Hothtrooper44_ArmorCompilation.esp
	[18]	Hothtrooper44_Armor_Ecksstra.esp
	[19]	Vivid WeathersSE.esp
	[20]	Joy of Perspective.esp
	[21]	RSChildren.esp
	[22]	FNIS.esp
	[23]	IcePenguinWorldMap.esp
	[24]	widescreen_skyui_fix.esp
	[25]	RLO - Exteriors.esp
	[26]	RLO - Interiors.esp
	[27]	Immersive Patrols II.esp
	[28]	Ars Metallica.esp
	[29]	WetandCold.esp
	[30]	BarenziahQuestMarkers.esp
	[31]	UnreadBooksGlow.esp
	[32]	Footprints.esp
	[33]	imp_helm_legend.esp
	[34]	Chesko_LoreBasedLoadingScreens.esp
	[35]	dD - Realistic Ragdoll Force - Realistic.esp
	[36]	RichMerchantsSkyrim_x10.esp
	[37]	Runandwalkpaces.esp
	[38]	RLO - CRF Patch.esp
	[39]	RLO - Effects.esp
	[40]	RLO - Illuminated Spells.esp
	[41]	RLO - VIS Patch.esp
	[42]	Immersive Citizens - AI Overhaul.esp
	[43]	RLO - IC Patch.esp
	[44]	ELFXEnhancer.esp
	[45]	Immersive Citizens - ELFXEnhancer patch.esp
	[46]	RealisticWaterTwo.esp
Saving menu open/close event registrations...
Saving key input event registrations...
Saving control input event registrations...
Saving mod callback event registrations...
Saving crosshair ref event registrations...
Saving camera event registrations...
Saving actor action event registrations...
Saving NiNode update event registrations...
Saving SKSEPersistentObjectStorage data...
Saving SKSEDelayFunctorManager data...
cleared save path
save name is Autosave1_00000000_0_41726D696E_DLC2GyldenhulBarrow01_031441_20210906195731_54_1
full save path: C:\users\steamuser\Documents\My Games\Skyrim Special Edition\Saves\\Autosave1_00000000_0_41726D696E_DLC2GyldenhulBarrow01_031441_20210906195731_54_1.skse
dispatch message (4) to plugin listeners
sending message type 4 to plugin 2
dispatched message.
creating co-save
Saving plugin list:
	[0]	Skyrim.esm
	[1]	Update.esm
	[2]	Dawnguard.esm
	[3]	HearthFires.esm
	[4]	Dragonborn.esm
	[5]	RSkyrimChildren.esm
	[6]	Lanterns Of Skyrim - All In One - Main.esm
	[7]	Unofficial Skyrim Special Edition Patch.esp
	[FE:0]	RealisticWaterTwo - Resources.esm
	[8]	SMIM-SE-Merged-All.esp
	[9]	ELFX - Exteriors.esp
	[10]	EnhancedLightsandFX.esp
	[11]	SkyUI_SE.esp
	[12]	SkyrimIsWindy.esp
	[13]	Skyrim Flora Overhaul.esp
	[14]	Landscape Fixes For Grass Mods.esp
	[15]	Cutting Room Floor.esp
	[16]	ELFX - Weathers.esp
	[17]	Hothtrooper44_ArmorCompilation.esp
	[18]	Hothtrooper44_Armor_Ecksstra.esp
	[19]	Vivid WeathersSE.esp
	[20]	Joy of Perspective.esp
	[21]	RSChildren.esp
	[22]	FNIS.esp
	[23]	IcePenguinWorldMap.esp
	[24]	widescreen_skyui_fix.esp
	[25]	RLO - Exteriors.esp
	[26]	RLO - Interiors.esp
	[27]	Immersive Patrols II.esp
	[28]	Ars Metallica.esp
	[29]	WetandCold.esp
	[30]	BarenziahQuestMarkers.esp
	[31]	UnreadBooksGlow.esp
	[32]	Footprints.esp
	[33]	imp_helm_legend.esp
	[34]	Chesko_LoreBasedLoadingScreens.esp
	[35]	dD - Realistic Ragdoll Force - Realistic.esp
	[36]	RichMerchantsSkyrim_x10.esp
	[37]	Runandwalkpaces.esp
	[38]	RLO - CRF Patch.esp
	[39]	RLO - Effects.esp
	[40]	RLO - Illuminated Spells.esp
	[41]	RLO - VIS Patch.esp
	[42]	Immersive Citizens - AI Overhaul.esp
	[43]	RLO - IC Patch.esp
	[44]	ELFXEnhancer.esp
	[45]	Immersive Citizens - ELFXEnhancer patch.esp
	[46]	RealisticWaterTwo.esp
Saving menu open/close event registrations...
Saving key input event registrations...
Saving control input event registrations...
Saving mod callback event registrations...
Saving crosshair ref event registrations...
Saving camera event registrations...
Saving actor action event registrations...
Saving NiNode update event registrations...
Saving SKSEPersistentObjectStorage data...
Saving SKSEDelayFunctorManager data...
cleared save path
save name is Autosave2_00000000_0_41726D696E_DLC2SolstheimWorld_031449_20210906200555_54_1
full save path: C:\users\steamuser\Documents\My Games\Skyrim Special Edition\Saves\\Autosave2_00000000_0_41726D696E_DLC2SolstheimWorld_031449_20210906200555_54_1.skse
dispatch message (4) to plugin listeners
sending message type 4 to plugin 2
dispatched message.
creating co-save
Saving plugin list:
	[0]	Skyrim.esm
	[1]	Update.esm
	[2]	Dawnguard.esm
	[3]	HearthFires.esm
	[4]	Dragonborn.esm
	[5]	RSkyrimChildren.esm
	[6]	Lanterns Of Skyrim - All In One - Main.esm
	[7]	Unofficial Skyrim Special Edition Patch.esp
	[FE:0]	RealisticWaterTwo - Resources.esm
	[8]	SMIM-SE-Merged-All.esp
	[9]	ELFX - Exteriors.esp
	[10]	EnhancedLightsandFX.esp
	[11]	SkyUI_SE.esp
	[12]	SkyrimIsWindy.esp
	[13]	Skyrim Flora Overhaul.esp
	[14]	Landscape Fixes For Grass Mods.esp
	[15]	Cutting Room Floor.esp
	[16]	ELFX - Weathers.esp
	[17]	Hothtrooper44_ArmorCompilation.esp
	[18]	Hothtrooper44_Armor_Ecksstra.esp
	[19]	Vivid WeathersSE.esp
	[20]	Joy of Perspective.esp
	[21]	RSChildren.esp
	[22]	FNIS.esp
	[23]	IcePenguinWorldMap.esp
	[24]	widescreen_skyui_fix.esp
	[25]	RLO - Exteriors.esp
	[26]	RLO - Interiors.esp
	[27]	Immersive Patrols II.esp
	[28]	Ars Metallica.esp
	[29]	WetandCold.esp
	[30]	BarenziahQuestMarkers.esp
	[31]	UnreadBooksGlow.esp
	[32]	Footprints.esp
	[33]	imp_helm_legend.esp
	[34]	Chesko_LoreBasedLoadingScreens.esp
	[35]	dD - Realistic Ragdoll Force - Realistic.esp
	[36]	RichMerchantsSkyrim_x10.esp
	[37]	Runandwalkpaces.esp
	[38]	RLO - CRF Patch.esp
	[39]	RLO - Effects.esp
	[40]	RLO - Illuminated Spells.esp
	[41]	RLO - VIS Patch.esp
	[42]	Immersive Citizens - AI Overhaul.esp
	[43]	RLO - IC Patch.esp
	[44]	ELFXEnhancer.esp
	[45]	Immersive Citizens - ELFXEnhancer patch.esp
	[46]	RealisticWaterTwo.esp
Saving menu open/close event registrations...
Saving key input event registrations...
Saving control input event registrations...
Saving mod callback event registrations...
Saving crosshair ref event registrations...
Saving camera event registrations...
Saving actor action event registrations...
Saving NiNode update event registrations...
Saving SKSEPersistentObjectStorage data...
Saving SKSEDelayFunctorManager data...
cleared save path
save name is Autosave3_00000000_0_41726D696E_DLC2SolstheimWorld_031450_20210906200624_54_1
full save path: C:\users\steamuser\Documents\My Games\Skyrim Special Edition\Saves\\Autosave3_00000000_0_41726D696E_DLC2SolstheimWorld_031450_20210906200624_54_1.skse
dispatch message (4) to plugin listeners
sending message type 4 to plugin 2
dispatched message.
creating co-save
Saving plugin list:
	[0]	Skyrim.esm
	[1]	Update.esm
	[2]	Dawnguard.esm
	[3]	HearthFires.esm
	[4]	Dragonborn.esm
	[5]	RSkyrimChildren.esm
	[6]	Lanterns Of Skyrim - All In One - Main.esm
	[7]	Unofficial Skyrim Special Edition Patch.esp
	[FE:0]	RealisticWaterTwo - Resources.esm
	[8]	SMIM-SE-Merged-All.esp
	[9]	ELFX - Exteriors.esp
	[10]	EnhancedLightsandFX.esp
	[11]	SkyUI_SE.esp
	[12]	SkyrimIsWindy.esp
	[13]	Skyrim Flora Overhaul.esp
	[14]	Landscape Fixes For Grass Mods.esp
	[15]	Cutting Room Floor.esp
	[16]	ELFX - Weathers.esp
	[17]	Hothtrooper44_ArmorCompilation.esp
	[18]	Hothtrooper44_Armor_Ecksstra.esp
	[19]	Vivid WeathersSE.esp
	[20]	Joy of Perspective.esp
	[21]	RSChildren.esp
	[22]	FNIS.esp
	[23]	IcePenguinWorldMap.esp
	[24]	widescreen_skyui_fix.esp
	[25]	RLO - Exteriors.esp
	[26]	RLO - Interiors.esp
	[27]	Immersive Patrols II.esp
	[28]	Ars Metallica.esp
	[29]	WetandCold.esp
	[30]	BarenziahQuestMarkers.esp
	[31]	UnreadBooksGlow.esp
	[32]	Footprints.esp
	[33]	imp_helm_legend.esp
	[34]	Chesko_LoreBasedLoadingScreens.esp
	[35]	dD - Realistic Ragdoll Force - Realistic.esp
	[36]	RichMerchantsSkyrim_x10.esp
	[37]	Runandwalkpaces.esp
	[38]	RLO - CRF Patch.esp
	[39]	RLO - Effects.esp
	[40]	RLO - Illuminated Spells.esp
	[41]	RLO - VIS Patch.esp
	[42]	Immersive Citizens - AI Overhaul.esp
	[43]	RLO - IC Patch.esp
	[44]	ELFXEnhancer.esp
	[45]	Immersive Citizens - ELFXEnhancer patch.esp
	[46]	RealisticWaterTwo.esp
Saving menu open/close event registrations...
Saving key input event registrations...
Saving control input event registrations...
Saving mod callback event registrations...
Saving crosshair ref event registrations...
Saving camera event registrations...
Saving actor action event registrations...
Saving NiNode update event registrations...
Saving SKSEPersistentObjectStorage data...
Saving SKSEDelayFunctorManager data...
cleared save path
save name is Autosave1_00000000_0_41726D696E_DLC2Frossel01_031451_20210906200727_54_1
full save path: C:\users\steamuser\Documents\My Games\Skyrim Special Edition\Saves\\Autosave1_00000000_0_41726D696E_DLC2Frossel01_031451_20210906200727_54_1.skse
dispatch message (4) to plugin listeners
sending message type 4 to plugin 2
dispatched message.
creating co-save
Saving plugin list:
	[0]	Skyrim.esm
	[1]	Update.esm
	[2]	Dawnguard.esm
	[3]	HearthFires.esm
	[4]	Dragonborn.esm
	[5]	RSkyrimChildren.esm
	[6]	Lanterns Of Skyrim - All In One - Main.esm
	[7]	Unofficial Skyrim Special Edition Patch.esp
	[FE:0]	RealisticWaterTwo - Resources.esm
	[8]	SMIM-SE-Merged-All.esp
	[9]	ELFX - Exteriors.esp
	[10]	EnhancedLightsandFX.esp
	[11]	SkyUI_SE.esp
	[12]	SkyrimIsWindy.esp
	[13]	Skyrim Flora Overhaul.esp
	[14]	Landscape Fixes For Grass Mods.esp
	[15]	Cutting Room Floor.esp
	[16]	ELFX - Weathers.esp
	[17]	Hothtrooper44_ArmorCompilation.esp
	[18]	Hothtrooper44_Armor_Ecksstra.esp
	[19]	Vivid WeathersSE.esp
	[20]	Joy of Perspective.esp
	[21]	RSChildren.esp
	[22]	FNIS.esp
	[23]	IcePenguinWorldMap.esp
	[24]	widescreen_skyui_fix.esp
	[25]	RLO - Exteriors.esp
	[26]	RLO - Interiors.esp
	[27]	Immersive Patrols II.esp
	[28]	Ars Metallica.esp
	[29]	WetandCold.esp
	[30]	BarenziahQuestMarkers.esp
	[31]	UnreadBooksGlow.esp
	[32]	Footprints.esp
	[33]	imp_helm_legend.esp
	[34]	Chesko_LoreBasedLoadingScreens.esp
	[35]	dD - Realistic Ragdoll Force - Realistic.esp
	[36]	RichMerchantsSkyrim_x10.esp
	[37]	Runandwalkpaces.esp
	[38]	RLO - CRF Patch.esp
	[39]	RLO - Effects.esp
	[40]	RLO - Illuminated Spells.esp
	[41]	RLO - VIS Patch.esp
	[42]	Immersive Citizens - AI Overhaul.esp
	[43]	RLO - IC Patch.esp
	[44]	ELFXEnhancer.esp
	[45]	Immersive Citizens - ELFXEnhancer patch.esp
	[46]	RealisticWaterTwo.esp
Saving menu open/close event registrations...
Saving key input event registrations...
Saving control input event registrations...
Saving mod callback event registrations...
Saving crosshair ref event registrations...
Saving camera event registrations...
Saving actor action event registrations...
Saving NiNode update event registrations...
Saving SKSEPersistentObjectStorage data...
Saving SKSEDelayFunctorManager data...
cleared save path
save name is Autosave2_00000000_0_41726D696E_DLC2SolstheimWorld_031456_20210906201233_54_1
full save path: C:\users\steamuser\Documents\My Games\Skyrim Special Edition\Saves\\Autosave2_00000000_0_41726D696E_DLC2SolstheimWorld_031456_20210906201233_54_1.skse
dispatch message (4) to plugin listeners
sending message type 4 to plugin 2
dispatched message.
creating co-save
Saving plugin list:
	[0]	Skyrim.esm
	[1]	Update.esm
	[2]	Dawnguard.esm
	[3]	HearthFires.esm
	[4]	Dragonborn.esm
	[5]	RSkyrimChildren.esm
	[6]	Lanterns Of Skyrim - All In One - Main.esm
	[7]	Unofficial Skyrim Special Edition Patch.esp
	[FE:0]	RealisticWaterTwo - Resources.esm
	[8]	SMIM-SE-Merged-All.esp
	[9]	ELFX - Exteriors.esp
	[10]	EnhancedLightsandFX.esp
	[11]	SkyUI_SE.esp
	[12]	SkyrimIsWindy.esp
	[13]	Skyrim Flora Overhaul.esp
	[14]	Landscape Fixes For Grass Mods.esp
	[15]	Cutting Room Floor.esp
	[16]	ELFX - Weathers.esp
	[17]	Hothtrooper44_ArmorCompilation.esp
	[18]	Hothtrooper44_Armor_Ecksstra.esp
	[19]	Vivid WeathersSE.esp
	[20]	Joy of Perspective.esp
	[21]	RSChildren.esp
	[22]	FNIS.esp
	[23]	IcePenguinWorldMap.esp
	[24]	widescreen_skyui_fix.esp
	[25]	RLO - Exteriors.esp
	[26]	RLO - Interiors.esp
	[27]	Immersive Patrols II.esp
	[28]	Ars Metallica.esp
	[29]	WetandCold.esp
	[30]	BarenziahQuestMarkers.esp
	[31]	UnreadBooksGlow.esp
	[32]	Footprints.esp
	[33]	imp_helm_legend.esp
	[34]	Chesko_LoreBasedLoadingScreens.esp
	[35]	dD - Realistic Ragdoll Force - Realistic.esp
	[36]	RichMerchantsSkyrim_x10.esp
	[37]	Runandwalkpaces.esp
	[38]	RLO - CRF Patch.esp
	[39]	RLO - Effects.esp
	[40]	RLO - Illuminated Spells.esp
	[41]	RLO - VIS Patch.esp
	[42]	Immersive Citizens - AI Overhaul.esp
	[43]	RLO - IC Patch.esp
	[44]	ELFXEnhancer.esp
	[45]	Immersive Citizens - ELFXEnhancer patch.esp
	[46]	RealisticWaterTwo.esp
Saving menu open/close event registrations...
Saving key input event registrations...
Saving control input event registrations...
Saving mod callback event registrations...
Saving crosshair ref event registrations...
Saving camera event registrations...
Saving actor action event registrations...
Saving NiNode update event registrations...
Saving SKSEPersistentObjectStorage data...
Saving SKSEDelayFunctorManager data...
cleared save path
save name is Autosave3_00000000_0_41726D696E_DLC2SolstheimWorld_031457_20210906201323_54_1
full save path: C:\users\steamuser\Documents\My Games\Skyrim Special Edition\Saves\\Autosave3_00000000_0_41726D696E_DLC2SolstheimWorld_031457_20210906201323_54_1.skse
dispatch message (4) to plugin listeners
sending message type 4 to plugin 2
dispatched message.
creating co-save
Saving plugin list:
	[0]	Skyrim.esm
	[1]	Update.esm
	[2]	Dawnguard.esm
	[3]	HearthFires.esm
	[4]	Dragonborn.esm
	[5]	RSkyrimChildren.esm
	[6]	Lanterns Of Skyrim - All In One - Main.esm
	[7]	Unofficial Skyrim Special Edition Patch.esp
	[FE:0]	RealisticWaterTwo - Resources.esm
	[8]	SMIM-SE-Merged-All.esp
	[9]	ELFX - Exteriors.esp
	[10]	EnhancedLightsandFX.esp
	[11]	SkyUI_SE.esp
	[12]	SkyrimIsWindy.esp
	[13]	Skyrim Flora Overhaul.esp
	[14]	Landscape Fixes For Grass Mods.esp
	[15]	Cutting Room Floor.esp
	[16]	ELFX - Weathers.esp
	[17]	Hothtrooper44_ArmorCompilation.esp
	[18]	Hothtrooper44_Armor_Ecksstra.esp
	[19]	Vivid WeathersSE.esp
	[20]	Joy of Perspective.esp
	[21]	RSChildren.esp
	[22]	FNIS.esp
	[23]	IcePenguinWorldMap.esp
	[24]	widescreen_skyui_fix.esp
	[25]	RLO - Exteriors.esp
	[26]	RLO - Interiors.esp
	[27]	Immersive Patrols II.esp
	[28]	Ars Metallica.esp
	[29]	WetandCold.esp
	[30]	BarenziahQuestMarkers.esp
	[31]	UnreadBooksGlow.esp
	[32]	Footprints.esp
	[33]	imp_helm_legend.esp
	[34]	Chesko_LoreBasedLoadingScreens.esp
	[35]	dD - Realistic Ragdoll Force - Realistic.esp
	[36]	RichMerchantsSkyrim_x10.esp
	[37]	Runandwalkpaces.esp
	[38]	RLO - CRF Patch.esp
	[39]	RLO - Effects.esp
	[40]	RLO - Illuminated Spells.esp
	[41]	RLO - VIS Patch.esp
	[42]	Immersive Citizens - AI Overhaul.esp
	[43]	RLO - IC Patch.esp
	[44]	ELFXEnhancer.esp
	[45]	Immersive Citizens - ELFXEnhancer patch.esp
	[46]	RealisticWaterTwo.esp
Saving menu open/close event registrations...
Saving key input event registrations...
Saving control input event registrations...
Saving mod callback event registrations...
Saving crosshair ref event registrations...
Saving camera event registrations...
Saving actor action event registrations...
Saving NiNode update event registrations...
Saving SKSEPersistentObjectStorage data...
Saving SKSEDelayFunctorManager data...
cleared save path
save name is Autosave1_00000000_0_41726D696E_DLC2AltarOfThrond01_031458_20210906201408_54_1
full save path: C:\users\steamuser\Documents\My Games\Skyrim Special Edition\Saves\\Autosave1_00000000_0_41726D696E_DLC2AltarOfThrond01_031458_20210906201408_54_1.skse
dispatch message (4) to plugin listeners
sending message type 4 to plugin 2
dispatched message.
creating co-save
Saving plugin list:
	[0]	Skyrim.esm
	[1]	Update.esm
	[2]	Dawnguard.esm
	[3]	HearthFires.esm
	[4]	Dragonborn.esm
	[5]	RSkyrimChildren.esm
	[6]	Lanterns Of Skyrim - All In One - Main.esm
	[7]	Unofficial Skyrim Special Edition Patch.esp
	[FE:0]	RealisticWaterTwo - Resources.esm
	[8]	SMIM-SE-Merged-All.esp
	[9]	ELFX - Exteriors.esp
	[10]	EnhancedLightsandFX.esp
	[11]	SkyUI_SE.esp
	[12]	SkyrimIsWindy.esp
	[13]	Skyrim Flora Overhaul.esp
	[14]	Landscape Fixes For Grass Mods.esp
	[15]	Cutting Room Floor.esp
	[16]	ELFX - Weathers.esp
	[17]	Hothtrooper44_ArmorCompilation.esp
	[18]	Hothtrooper44_Armor_Ecksstra.esp
	[19]	Vivid WeathersSE.esp
	[20]	Joy of Perspective.esp
	[21]	RSChildren.esp
	[22]	FNIS.esp
	[23]	IcePenguinWorldMap.esp
	[24]	widescreen_skyui_fix.esp
	[25]	RLO - Exteriors.esp
	[26]	RLO - Interiors.esp
	[27]	Immersive Patrols II.esp
	[28]	Ars Metallica.esp
	[29]	WetandCold.esp
	[30]	BarenziahQuestMarkers.esp
	[31]	UnreadBooksGlow.esp
	[32]	Footprints.esp
	[33]	imp_helm_legend.esp
	[34]	Chesko_LoreBasedLoadingScreens.esp
	[35]	dD - Realistic Ragdoll Force - Realistic.esp
	[36]	RichMerchantsSkyrim_x10.esp
	[37]	Runandwalkpaces.esp
	[38]	RLO - CRF Patch.esp
	[39]	RLO - Effects.esp
	[40]	RLO - Illuminated Spells.esp
	[41]	RLO - VIS Patch.esp
	[42]	Immersive Citizens - AI Overhaul.esp
	[43]	RLO - IC Patch.esp
	[44]	ELFXEnhancer.esp
	[45]	Immersive Citizens - ELFXEnhancer patch.esp
	[46]	RealisticWaterTwo.esp
Saving menu open/close event registrations...
Saving key input event registrations...
Saving control input event registrations...
Saving mod callback event registrations...
Saving crosshair ref event registrations...
Saving camera event registrations...
Saving actor action event registrations...
Saving NiNode update event registrations...
Saving SKSEPersistentObjectStorage data...
Saving SKSEDelayFunctorManager data...
cleared save path
save name is Autosave2_00000000_0_41726D696E_DLC2SolstheimWorld_031500_20210906201647_54_1
full save path: C:\users\steamuser\Documents\My Games\Skyrim Special Edition\Saves\\Autosave2_00000000_0_41726D696E_DLC2SolstheimWorld_031500_20210906201647_54_1.skse
dispatch message (4) to plugin listeners
sending message type 4 to plugin 2
dispatched message.
creating co-save
Saving plugin list:
	[0]	Skyrim.esm
	[1]	Update.esm
	[2]	Dawnguard.esm
	[3]	HearthFires.esm
	[4]	Dragonborn.esm
	[5]	RSkyrimChildren.esm
	[6]	Lanterns Of Skyrim - All In One - Main.esm
	[7]	Unofficial Skyrim Special Edition Patch.esp
	[FE:0]	RealisticWaterTwo - Resources.esm
	[8]	SMIM-SE-Merged-All.esp
	[9]	ELFX - Exteriors.esp
	[10]	EnhancedLightsandFX.esp
	[11]	SkyUI_SE.esp
	[12]	SkyrimIsWindy.esp
	[13]	Skyrim Flora Overhaul.esp
	[14]	Landscape Fixes For Grass Mods.esp
	[15]	Cutting Room Floor.esp
	[16]	ELFX - Weathers.esp
	[17]	Hothtrooper44_ArmorCompilation.esp
	[18]	Hothtrooper44_Armor_Ecksstra.esp
	[19]	Vivid WeathersSE.esp
	[20]	Joy of Perspective.esp
	[21]	RSChildren.esp
	[22]	FNIS.esp
	[23]	IcePenguinWorldMap.esp
	[24]	widescreen_skyui_fix.esp
	[25]	RLO - Exteriors.esp
	[26]	RLO - Interiors.esp
	[27]	Immersive Patrols II.esp
	[28]	Ars Metallica.esp
	[29]	WetandCold.esp
	[30]	BarenziahQuestMarkers.esp
	[31]	UnreadBooksGlow.esp
	[32]	Footprints.esp
	[33]	imp_helm_legend.esp
	[34]	Chesko_LoreBasedLoadingScreens.esp
	[35]	dD - Realistic Ragdoll Force - Realistic.esp
	[36]	RichMerchantsSkyrim_x10.esp
	[37]	Runandwalkpaces.esp
	[38]	RLO - CRF Patch.esp
	[39]	RLO - Effects.esp
	[40]	RLO - Illuminated Spells.esp
	[41]	RLO - VIS Patch.esp
	[42]	Immersive Citizens - AI Overhaul.esp
	[43]	RLO - IC Patch.esp
	[44]	ELFXEnhancer.esp
	[45]	Immersive Citizens - ELFXEnhancer patch.esp
	[46]	RealisticWaterTwo.esp
Saving menu open/close event registrations...
Saving key input event registrations...
Saving control input event registrations...
Saving mod callback event registrations...
Saving crosshair ref event registrations...
Saving camera event registrations...
Saving actor action event registrations...
Saving NiNode update event registrations...
Saving SKSEPersistentObjectStorage data...
Saving SKSEDelayFunctorManager data...
cleared save path
save name is Autosave3_00000000_0_41726D696E_DLC2SolstheimWorld_031500_20210906201657_54_1
full save path: C:\users\steamuser\Documents\My Games\Skyrim Special Edition\Saves\\Autosave3_00000000_0_41726D696E_DLC2SolstheimWorld_031500_20210906201657_54_1.skse
dispatch message (4) to plugin listeners
sending message type 4 to plugin 2
dispatched message.
creating co-save
Saving plugin list:
	[0]	Skyrim.esm
	[1]	Update.esm
	[2]	Dawnguard.esm
	[3]	HearthFires.esm
	[4]	Dragonborn.esm
	[5]	RSkyrimChildren.esm
	[6]	Lanterns Of Skyrim - All In One - Main.esm
	[7]	Unofficial Skyrim Special Edition Patch.esp
	[FE:0]	RealisticWaterTwo - Resources.esm
	[8]	SMIM-SE-Merged-All.esp
	[9]	ELFX - Exteriors.esp
	[10]	EnhancedLightsandFX.esp
	[11]	SkyUI_SE.esp
	[12]	SkyrimIsWindy.esp
	[13]	Skyrim Flora Overhaul.esp
	[14]	Landscape Fixes For Grass Mods.esp
	[15]	Cutting Room Floor.esp
	[16]	ELFX - Weathers.esp
	[17]	Hothtrooper44_ArmorCompilation.esp
	[18]	Hothtrooper44_Armor_Ecksstra.esp
	[19]	Vivid WeathersSE.esp
	[20]	Joy of Perspective.esp
	[21]	RSChildren.esp
	[22]	FNIS.esp
	[23]	IcePenguinWorldMap.esp
	[24]	widescreen_skyui_fix.esp
	[25]	RLO - Exteriors.esp
	[26]	RLO - Interiors.esp
	[27]	Immersive Patrols II.esp
	[28]	Ars Metallica.esp
	[29]	WetandCold.esp
	[30]	BarenziahQuestMarkers.esp
	[31]	UnreadBooksGlow.esp
	[32]	Footprints.esp
	[33]	imp_helm_legend.esp
	[34]	Chesko_LoreBasedLoadingScreens.esp
	[35]	dD - Realistic Ragdoll Force - Realistic.esp
	[36]	RichMerchantsSkyrim_x10.esp
	[37]	Runandwalkpaces.esp
	[38]	RLO - CRF Patch.esp
	[39]	RLO - Effects.esp
	[40]	RLO - Illuminated Spells.esp
	[41]	RLO - VIS Patch.esp
	[42]	Immersive Citizens - AI Overhaul.esp
	[43]	RLO - IC Patch.esp
	[44]	ELFXEnhancer.esp
	[45]	Immersive Citizens - ELFXEnhancer patch.esp
	[46]	RealisticWaterTwo.esp
Saving menu open/close event registrations...
Saving key input event registrations...
Saving control input event registrations...
Saving mod callback event registrations...
Saving crosshair ref event registrations...
Saving camera event registrations...
Saving actor action event registrations...
Saving NiNode update event registrations...
Saving SKSEPersistentObjectStorage data...
Saving SKSEDelayFunctorManager data...
cleared save path
save name is Autosave1_00000000_0_41726D696E_Tamriel_031501_20210906201716_54_1
full save path: C:\users\steamuser\Documents\My Games\Skyrim Special Edition\Saves\\Autosave1_00000000_0_41726D696E_Tamriel_031501_20210906201716_54_1.skse
dispatch message (4) to plugin listeners
sending message type 4 to plugin 2
dispatched message.
creating co-save
Saving plugin list:
	[0]	Skyrim.esm
	[1]	Update.esm
	[2]	Dawnguard.esm
	[3]	HearthFires.esm
	[4]	Dragonborn.esm
	[5]	RSkyrimChildren.esm
	[6]	Lanterns Of Skyrim - All In One - Main.esm
	[7]	Unofficial Skyrim Special Edition Patch.esp
	[FE:0]	RealisticWaterTwo - Resources.esm
	[8]	SMIM-SE-Merged-All.esp
	[9]	ELFX - Exteriors.esp
	[10]	EnhancedLightsandFX.esp
	[11]	SkyUI_SE.esp
	[12]	SkyrimIsWindy.esp
	[13]	Skyrim Flora Overhaul.esp
	[14]	Landscape Fixes For Grass Mods.esp
	[15]	Cutting Room Floor.esp
	[16]	ELFX - Weathers.esp
	[17]	Hothtrooper44_ArmorCompilation.esp
	[18]	Hothtrooper44_Armor_Ecksstra.esp
	[19]	Vivid WeathersSE.esp
	[20]	Joy of Perspective.esp
	[21]	RSChildren.esp
	[22]	FNIS.esp
	[23]	IcePenguinWorldMap.esp
	[24]	widescreen_skyui_fix.esp
	[25]	RLO - Exteriors.esp
	[26]	RLO - Interiors.esp
	[27]	Immersive Patrols II.esp
	[28]	Ars Metallica.esp
	[29]	WetandCold.esp
	[30]	BarenziahQuestMarkers.esp
	[31]	UnreadBooksGlow.esp
	[32]	Footprints.esp
	[33]	imp_helm_legend.esp
	[34]	Chesko_LoreBasedLoadingScreens.esp
	[35]	dD - Realistic Ragdoll Force - Realistic.esp
	[36]	RichMerchantsSkyrim_x10.esp
	[37]	Runandwalkpaces.esp
	[38]	RLO - CRF Patch.esp
	[39]	RLO - Effects.esp
	[40]	RLO - Illuminated Spells.esp
	[41]	RLO - VIS Patch.esp
	[42]	Immersive Citizens - AI Overhaul.esp
	[43]	RLO - IC Patch.esp
	[44]	ELFXEnhancer.esp
	[45]	Immersive Citizens - ELFXEnhancer patch.esp
	[46]	RealisticWaterTwo.esp
Saving menu open/close event registrations...
Saving key input event registrations...
Saving control input event registrations...
Saving mod callback event registrations...
Saving crosshair ref event registrations...
Saving camera event registrations...
Saving actor action event registrations...
Saving NiNode update event registrations...
Saving SKSEPersistentObjectStorage data...
Saving SKSEDelayFunctorManager data...
cleared save path
save name is Autosave2_00000000_0_41726D696E_WinterholdCollegeHallofTheElements_031501_20210906201735_54_1
full save path: C:\users\steamuser\Documents\My Games\Skyrim Special Edition\Saves\\Autosave2_00000000_0_41726D696E_WinterholdCollegeHallofTheElements_031501_20210906201735_54_1.skse
dispatch message (4) to plugin listeners
sending message type 4 to plugin 2
dispatched message.
creating co-save
Saving plugin list:
	[0]	Skyrim.esm
	[1]	Update.esm
	[2]	Dawnguard.esm
	[3]	HearthFires.esm
	[4]	Dragonborn.esm
	[5]	RSkyrimChildren.esm
	[6]	Lanterns Of Skyrim - All In One - Main.esm
	[7]	Unofficial Skyrim Special Edition Patch.esp
	[FE:0]	RealisticWaterTwo - Resources.esm
	[8]	SMIM-SE-Merged-All.esp
	[9]	ELFX - Exteriors.esp
	[10]	EnhancedLightsandFX.esp
	[11]	SkyUI_SE.esp
	[12]	SkyrimIsWindy.esp
	[13]	Skyrim Flora Overhaul.esp
	[14]	Landscape Fixes For Grass Mods.esp
	[15]	Cutting Room Floor.esp
	[16]	ELFX - Weathers.esp
	[17]	Hothtrooper44_ArmorCompilation.esp
	[18]	Hothtrooper44_Armor_Ecksstra.esp
	[19]	Vivid WeathersSE.esp
	[20]	Joy of Perspective.esp
	[21]	RSChildren.esp
	[22]	FNIS.esp
	[23]	IcePenguinWorldMap.esp
	[24]	widescreen_skyui_fix.esp
	[25]	RLO - Exteriors.esp
	[26]	RLO - Interiors.esp
	[27]	Immersive Patrols II.esp
	[28]	Ars Metallica.esp
	[29]	WetandCold.esp
	[30]	BarenziahQuestMarkers.esp
	[31]	UnreadBooksGlow.esp
	[32]	Footprints.esp
	[33]	imp_helm_legend.esp
	[34]	Chesko_LoreBasedLoadingScreens.esp
	[35]	dD - Realistic Ragdoll Force - Realistic.esp
	[36]	RichMerchantsSkyrim_x10.esp
	[37]	Runandwalkpaces.esp
	[38]	RLO - CRF Patch.esp
	[39]	RLO - Effects.esp
	[40]	RLO - Illuminated Spells.esp
	[41]	RLO - VIS Patch.esp
	[42]	Immersive Citizens - AI Overhaul.esp
	[43]	RLO - IC Patch.esp
	[44]	ELFXEnhancer.esp
	[45]	Immersive Citizens - ELFXEnhancer patch.esp
	[46]	RealisticWaterTwo.esp
Saving menu open/close event registrations...
Saving key input event registrations...
Saving control input event registrations...
Saving mod callback event registrations...
Saving crosshair ref event registrations...
Saving camera event registrations...
Saving actor action event registrations...
Saving NiNode update event registrations...
Saving SKSEPersistentObjectStorage data...
Saving SKSEDelayFunctorManager data...
cleared save path
save name is Autosave3_00000000_0_41726D696E_WinterholdCollegeArcanaeum_031501_20210906201740_54_1
full save path: C:\users\steamuser\Documents\My Games\Skyrim Special Edition\Saves\\Autosave3_00000000_0_41726D696E_WinterholdCollegeArcanaeum_031501_20210906201740_54_1.skse
dispatch message (4) to plugin listeners
sending message type 4 to plugin 2
dispatched message.
creating co-save
Saving plugin list:
	[0]	Skyrim.esm
	[1]	Update.esm
	[2]	Dawnguard.esm
	[3]	HearthFires.esm
	[4]	Dragonborn.esm
	[5]	RSkyrimChildren.esm
	[6]	Lanterns Of Skyrim - All In One - Main.esm
	[7]	Unofficial Skyrim Special Edition Patch.esp
	[FE:0]	RealisticWaterTwo - Resources.esm
	[8]	SMIM-SE-Merged-All.esp
	[9]	ELFX - Exteriors.esp
	[10]	EnhancedLightsandFX.esp
	[11]	SkyUI_SE.esp
	[12]	SkyrimIsWindy.esp
	[13]	Skyrim Flora Overhaul.esp
	[14]	Landscape Fixes For Grass Mods.esp
	[15]	Cutting Room Floor.esp
	[16]	ELFX - Weathers.esp
	[17]	Hothtrooper44_ArmorCompilation.esp
	[18]	Hothtrooper44_Armor_Ecksstra.esp
	[19]	Vivid WeathersSE.esp
	[20]	Joy of Perspective.esp
	[21]	RSChildren.esp
	[22]	FNIS.esp
	[23]	IcePenguinWorldMap.esp
	[24]	widescreen_skyui_fix.esp
	[25]	RLO - Exteriors.esp
	[26]	RLO - Interiors.esp
	[27]	Immersive Patrols II.esp
	[28]	Ars Metallica.esp
	[29]	WetandCold.esp
	[30]	BarenziahQuestMarkers.esp
	[31]	UnreadBooksGlow.esp
	[32]	Footprints.esp
	[33]	imp_helm_legend.esp
	[34]	Chesko_LoreBasedLoadingScreens.esp
	[35]	dD - Realistic Ragdoll Force - Realistic.esp
	[36]	RichMerchantsSkyrim_x10.esp
	[37]	Runandwalkpaces.esp
	[38]	RLO - CRF Patch.esp
	[39]	RLO - Effects.esp
	[40]	RLO - Illuminated Spells.esp
	[41]	RLO - VIS Patch.esp
	[42]	Immersive Citizens - AI Overhaul.esp
	[43]	RLO - IC Patch.esp
	[44]	ELFXEnhancer.esp
	[45]	Immersive Citizens - ELFXEnhancer patch.esp
	[46]	RealisticWaterTwo.esp
Saving menu open/close event registrations...
Saving key input event registrations...
Saving control input event registrations...
Saving mod callback event registrations...
Saving crosshair ref event registrations...
Saving camera event registrations...
Saving actor action event registrations...
Saving NiNode update event registrations...
Saving SKSEPersistentObjectStorage data...
Saving SKSEDelayFunctorManager data...
cleared save path
save name is Autosave1_00000000_0_41726D696E_WinterholdCollegeHallofTheElements_031503_20210906201935_54_1
full save path: C:\users\steamuser\Documents\My Games\Skyrim Special Edition\Saves\\Autosave1_00000000_0_41726D696E_WinterholdCollegeHallofTheElements_031503_20210906201935_54_1.skse
dispatch message (4) to plugin listeners
sending message type 4 to plugin 2
dispatched message.
creating co-save
Saving plugin list:
	[0]	Skyrim.esm
	[1]	Update.esm
	[2]	Dawnguard.esm
	[3]	HearthFires.esm
	[4]	Dragonborn.esm
	[5]	RSkyrimChildren.esm
	[6]	Lanterns Of Skyrim - All In One - Main.esm
	[7]	Unofficial Skyrim Special Edition Patch.esp
	[FE:0]	RealisticWaterTwo - Resources.esm
	[8]	SMIM-SE-Merged-All.esp
	[9]	ELFX - Exteriors.esp
	[10]	EnhancedLightsandFX.esp
	[11]	SkyUI_SE.esp
	[12]	SkyrimIsWindy.esp
	[13]	Skyrim Flora Overhaul.esp
	[14]	Landscape Fixes For Grass Mods.esp
	[15]	Cutting Room Floor.esp
	[16]	ELFX - Weathers.esp
	[17]	Hothtrooper44_ArmorCompilation.esp
	[18]	Hothtrooper44_Armor_Ecksstra.esp
	[19]	Vivid WeathersSE.esp
	[20]	Joy of Perspective.esp
	[21]	RSChildren.esp
	[22]	FNIS.esp
	[23]	IcePenguinWorldMap.esp
	[24]	widescreen_skyui_fix.esp
	[25]	RLO - Exteriors.esp
	[26]	RLO - Interiors.esp
	[27]	Immersive Patrols II.esp
	[28]	Ars Metallica.esp
	[29]	WetandCold.esp
	[30]	BarenziahQuestMarkers.esp
	[31]	UnreadBooksGlow.esp
	[32]	Footprints.esp
	[33]	imp_helm_legend.esp
	[34]	Chesko_LoreBasedLoadingScreens.esp
	[35]	dD - Realistic Ragdoll Force - Realistic.esp
	[36]	RichMerchantsSkyrim_x10.esp
	[37]	Runandwalkpaces.esp
	[38]	RLO - CRF Patch.esp
	[39]	RLO - Effects.esp
	[40]	RLO - Illuminated Spells.esp
	[41]	RLO - VIS Patch.esp
	[42]	Immersive Citizens - AI Overhaul.esp
	[43]	RLO - IC Patch.esp
	[44]	ELFXEnhancer.esp
	[45]	Immersive Citizens - ELFXEnhancer patch.esp
	[46]	RealisticWaterTwo.esp
Saving menu open/close event registrations...
Saving key input event registrations...
Saving control input event registrations...
Saving mod callback event registrations...
Saving crosshair ref event registrations...
Saving camera event registrations...
Saving actor action event registrations...
Saving NiNode update event registrations...
Saving SKSEPersistentObjectStorage data...
Saving SKSEDelayFunctorManager data...
cleared save path
save name is Autosave2_00000000_0_41726D696E_Tamriel_031503_20210906201942_54_1
full save path: C:\users\steamuser\Documents\My Games\Skyrim Special Edition\Saves\\Autosave2_00000000_0_41726D696E_Tamriel_031503_20210906201942_54_1.skse
dispatch message (4) to plugin listeners
sending message type 4 to plugin 2
dispatched message.
creating co-save
Saving plugin list:
	[0]	Skyrim.esm
	[1]	Update.esm
	[2]	Dawnguard.esm
	[3]	HearthFires.esm
	[4]	Dragonborn.esm
	[5]	RSkyrimChildren.esm
	[6]	Lanterns Of Skyrim - All In One - Main.esm
	[7]	Unofficial Skyrim Special Edition Patch.esp
	[FE:0]	RealisticWaterTwo - Resources.esm
	[8]	SMIM-SE-Merged-All.esp
	[9]	ELFX - Exteriors.esp
	[10]	EnhancedLightsandFX.esp
	[11]	SkyUI_SE.esp
	[12]	SkyrimIsWindy.esp
	[13]	Skyrim Flora Overhaul.esp
	[14]	Landscape Fixes For Grass Mods.esp
	[15]	Cutting Room Floor.esp
	[16]	ELFX - Weathers.esp
	[17]	Hothtrooper44_ArmorCompilation.esp
	[18]	Hothtrooper44_Armor_Ecksstra.esp
	[19]	Vivid WeathersSE.esp
	[20]	Joy of Perspective.esp
	[21]	RSChildren.esp
	[22]	FNIS.esp
	[23]	IcePenguinWorldMap.esp
	[24]	widescreen_skyui_fix.esp
	[25]	RLO - Exteriors.esp
	[26]	RLO - Interiors.esp
	[27]	Immersive Patrols II.esp
	[28]	Ars Metallica.esp
	[29]	WetandCold.esp
	[30]	BarenziahQuestMarkers.esp
	[31]	UnreadBooksGlow.esp
	[32]	Footprints.esp
	[33]	imp_helm_legend.esp
	[34]	Chesko_LoreBasedLoadingScreens.esp
	[35]	dD - Realistic Ragdoll Force - Realistic.esp
	[36]	RichMerchantsSkyrim_x10.esp
	[37]	Runandwalkpaces.esp
	[38]	RLO - CRF Patch.esp
	[39]	RLO - Effects.esp
	[40]	RLO - Illuminated Spells.esp
	[41]	RLO - VIS Patch.esp
	[42]	Immersive Citizens - AI Overhaul.esp
	[43]	RLO - IC Patch.esp
	[44]	ELFXEnhancer.esp
	[45]	Immersive Citizens - ELFXEnhancer patch.esp
	[46]	RealisticWaterTwo.esp
Saving menu open/close event registrations...
Saving key input event registrations...
Saving control input event registrations...
Saving mod callback event registrations...
Saving crosshair ref event registrations...
Saving camera event registrations...
Saving actor action event registrations...
Saving NiNode update event registrations...
Saving SKSEPersistentObjectStorage data...
Saving SKSEDelayFunctorManager data...
cleared save path
save name is Autosave3_00000000_0_41726D696E_Tamriel_031503_20210906201952_54_1
full save path: C:\users\steamuser\Documents\My Games\Skyrim Special Edition\Saves\\Autosave3_00000000_0_41726D696E_Tamriel_031503_20210906201952_54_1.skse
dispatch message (4) to plugin listeners
sending message type 4 to plugin 2
dispatched message.
creating co-save
Saving plugin list:
	[0]	Skyrim.esm
	[1]	Update.esm
	[2]	Dawnguard.esm
	[3]	HearthFires.esm
	[4]	Dragonborn.esm
	[5]	RSkyrimChildren.esm
	[6]	Lanterns Of Skyrim - All In One - Main.esm
	[7]	Unofficial Skyrim Special Edition Patch.esp
	[FE:0]	RealisticWaterTwo - Resources.esm
	[8]	SMIM-SE-Merged-All.esp
	[9]	ELFX - Exteriors.esp
	[10]	EnhancedLightsandFX.esp
	[11]	SkyUI_SE.esp
	[12]	SkyrimIsWindy.esp
	[13]	Skyrim Flora Overhaul.esp
	[14]	Landscape Fixes For Grass Mods.esp
	[15]	Cutting Room Floor.esp
	[16]	ELFX - Weathers.esp
	[17]	Hothtrooper44_ArmorCompilation.esp
	[18]	Hothtrooper44_Armor_Ecksstra.esp
	[19]	Vivid WeathersSE.esp
	[20]	Joy of Perspective.esp
	[21]	RSChildren.esp
	[22]	FNIS.esp
	[23]	IcePenguinWorldMap.esp
	[24]	widescreen_skyui_fix.esp
	[25]	RLO - Exteriors.esp
	[26]	RLO - Interiors.esp
	[27]	Immersive Patrols II.esp
	[28]	Ars Metallica.esp
	[29]	WetandCold.esp
	[30]	BarenziahQuestMarkers.esp
	[31]	UnreadBooksGlow.esp
	[32]	Footprints.esp
	[33]	imp_helm_legend.esp
	[34]	Chesko_LoreBasedLoadingScreens.esp
	[35]	dD - Realistic Ragdoll Force - Realistic.esp
	[36]	RichMerchantsSkyrim_x10.esp
	[37]	Runandwalkpaces.esp
	[38]	RLO - CRF Patch.esp
	[39]	RLO - Effects.esp
	[40]	RLO - Illuminated Spells.esp
	[41]	RLO - VIS Patch.esp
	[42]	Immersive Citizens - AI Overhaul.esp
	[43]	RLO - IC Patch.esp
	[44]	ELFXEnhancer.esp
	[45]	Immersive Citizens - ELFXEnhancer patch.esp
	[46]	RealisticWaterTwo.esp
Saving menu open/close event registrations...
Saving key input event registrations...
Saving control input event registrations...
Saving mod callback event registrations...
Saving crosshair ref event registrations...
Saving camera event registrations...
Saving actor action event registrations...
Saving NiNode update event registrations...
Saving SKSEPersistentObjectStorage data...
Saving SKSEDelayFunctorManager data...
cleared save path
save name is Quicksave0_00000000_0_41726D696E_Tamriel_031505_20210906202150_54_1
full save path: C:\users\steamuser\Documents\My Games\Skyrim Special Edition\Saves\\Quicksave0_00000000_0_41726D696E_Tamriel_031505_20210906202150_54_1.skse
dispatch message (4) to plugin listeners
sending message type 4 to plugin 2
dispatched message.
creating co-save
Saving plugin list:
	[0]	Skyrim.esm
	[1]	Update.esm
	[2]	Dawnguard.esm
	[3]	HearthFires.esm
	[4]	Dragonborn.esm
	[5]	RSkyrimChildren.esm
	[6]	Lanterns Of Skyrim - All In One - Main.esm
	[7]	Unofficial Skyrim Special Edition Patch.esp
	[FE:0]	RealisticWaterTwo - Resources.esm
	[8]	SMIM-SE-Merged-All.esp
	[9]	ELFX - Exteriors.esp
	[10]	EnhancedLightsandFX.esp
	[11]	SkyUI_SE.esp
	[12]	SkyrimIsWindy.esp
	[13]	Skyrim Flora Overhaul.esp
	[14]	Landscape Fixes For Grass Mods.esp
	[15]	Cutting Room Floor.esp
	[16]	ELFX - Weathers.esp
	[17]	Hothtrooper44_ArmorCompilation.esp
	[18]	Hothtrooper44_Armor_Ecksstra.esp
	[19]	Vivid WeathersSE.esp
	[20]	Joy of Perspective.esp
	[21]	RSChildren.esp
	[22]	FNIS.esp
	[23]	IcePenguinWorldMap.esp
	[24]	widescreen_skyui_fix.esp
	[25]	RLO - Exteriors.esp
	[26]	RLO - Interiors.esp
	[27]	Immersive Patrols II.esp
	[28]	Ars Metallica.esp
	[29]	WetandCold.esp
	[30]	BarenziahQuestMarkers.esp
	[31]	UnreadBooksGlow.esp
	[32]	Footprints.esp
	[33]	imp_helm_legend.esp
	[34]	Chesko_LoreBasedLoadingScreens.esp
	[35]	dD - Realistic Ragdoll Force - Realistic.esp
	[36]	RichMerchantsSkyrim_x10.esp
	[37]	Runandwalkpaces.esp
	[38]	RLO - CRF Patch.esp
	[39]	RLO - Effects.esp
	[40]	RLO - Illuminated Spells.esp
	[41]	RLO - VIS Patch.esp
	[42]	Immersive Citizens - AI Overhaul.esp
	[43]	RLO - IC Patch.esp
	[44]	ELFXEnhancer.esp
	[45]	Immersive Citizens - ELFXEnhancer patch.esp
	[46]	RealisticWaterTwo.esp
Saving menu open/close event registrations...
Saving key input event registrations...
Saving control input event registrations...
Saving mod callback event registrations...
Saving crosshair ref event registrations...
Saving camera event registrations...
Saving actor action event registrations...
Saving NiNode update event registrations...
Saving SKSEPersistentObjectStorage data...
Saving SKSEDelayFunctorManager data...
cleared save path
save name is Autosave1_00000000_0_41726D696E_Tamriel_031509_20210906202544_54_1
full save path: C:\users\steamuser\Documents\My Games\Skyrim Special Edition\Saves\\Autosave1_00000000_0_41726D696E_Tamriel_031509_20210906202544_54_1.skse
dispatch message (4) to plugin listeners
sending message type 4 to plugin 2
dispatched message.
creating co-save
Saving plugin list:
	[0]	Skyrim.esm
	[1]	Update.esm
	[2]	Dawnguard.esm
	[3]	HearthFires.esm
	[4]	Dragonborn.esm
	[5]	RSkyrimChildren.esm
	[6]	Lanterns Of Skyrim - All In One - Main.esm
	[7]	Unofficial Skyrim Special Edition Patch.esp
	[FE:0]	RealisticWaterTwo - Resources.esm
	[8]	SMIM-SE-Merged-All.esp
	[9]	ELFX - Exteriors.esp
	[10]	EnhancedLightsandFX.esp
	[11]	SkyUI_SE.esp
	[12]	SkyrimIsWindy.esp
	[13]	Skyrim Flora Overhaul.esp
	[14]	Landscape Fixes For Grass Mods.esp
	[15]	Cutting Room Floor.esp
	[16]	ELFX - Weathers.esp
	[17]	Hothtrooper44_ArmorCompilation.esp
	[18]	Hothtrooper44_Armor_Ecksstra.esp
	[19]	Vivid WeathersSE.esp
	[20]	Joy of Perspective.esp
	[21]	RSChildren.esp
	[22]	FNIS.esp
	[23]	IcePenguinWorldMap.esp
	[24]	widescreen_skyui_fix.esp
	[25]	RLO - Exteriors.esp
	[26]	RLO - Interiors.esp
	[27]	Immersive Patrols II.esp
	[28]	Ars Metallica.esp
	[29]	WetandCold.esp
	[30]	BarenziahQuestMarkers.esp
	[31]	UnreadBooksGlow.esp
	[32]	Footprints.esp
	[33]	imp_helm_legend.esp
	[34]	Chesko_LoreBasedLoadingScreens.esp
	[35]	dD - Realistic Ragdoll Force - Realistic.esp
	[36]	RichMerchantsSkyrim_x10.esp
	[37]	Runandwalkpaces.esp
	[38]	RLO - CRF Patch.esp
	[39]	RLO - Effects.esp
	[40]	RLO - Illuminated Spells.esp
	[41]	RLO - VIS Patch.esp
	[42]	Immersive Citizens - AI Overhaul.esp
	[43]	RLO - IC Patch.esp
	[44]	ELFXEnhancer.esp
	[45]	Immersive Citizens - ELFXEnhancer patch.esp
	[46]	RealisticWaterTwo.esp
Saving menu open/close event registrations...
Saving key input event registrations...
Saving control input event registrations...
Saving mod callback event registrations...
Saving crosshair ref event registrations...
Saving camera event registrations...
Saving actor action event registrations...
Saving NiNode update event registrations...
Saving SKSEPersistentObjectStorage data...
Saving SKSEDelayFunctorManager data...
cleared save path
save name is Quicksave0_00000000_0_41726D696E_Tamriel_031509_20210906202558_54_1
full save path: C:\users\steamuser\Documents\My Games\Skyrim Special Edition\Saves\\Quicksave0_00000000_0_41726D696E_Tamriel_031509_20210906202558_54_1.skse
dispatch message (4) to plugin listeners
sending message type 4 to plugin 2
dispatched message.
creating co-save
Saving plugin list:
	[0]	Skyrim.esm
	[1]	Update.esm
	[2]	Dawnguard.esm
	[3]	HearthFires.esm
	[4]	Dragonborn.esm
	[5]	RSkyrimChildren.esm
	[6]	Lanterns Of Skyrim - All In One - Main.esm
	[7]	Unofficial Skyrim Special Edition Patch.esp
	[FE:0]	RealisticWaterTwo - Resources.esm
	[8]	SMIM-SE-Merged-All.esp
	[9]	ELFX - Exteriors.esp
	[10]	EnhancedLightsandFX.esp
	[11]	SkyUI_SE.esp
	[12]	SkyrimIsWindy.esp
	[13]	Skyrim Flora Overhaul.esp
	[14]	Landscape Fixes For Grass Mods.esp
	[15]	Cutting Room Floor.esp
	[16]	ELFX - Weathers.esp
	[17]	Hothtrooper44_ArmorCompilation.esp
	[18]	Hothtrooper44_Armor_Ecksstra.esp
	[19]	Vivid WeathersSE.esp
	[20]	Joy of Perspective.esp
	[21]	RSChildren.esp
	[22]	FNIS.esp
	[23]	IcePenguinWorldMap.esp
	[24]	widescreen_skyui_fix.esp
	[25]	RLO - Exteriors.esp
	[26]	RLO - Interiors.esp
	[27]	Immersive Patrols II.esp
	[28]	Ars Metallica.esp
	[29]	WetandCold.esp
	[30]	BarenziahQuestMarkers.esp
	[31]	UnreadBooksGlow.esp
	[32]	Footprints.esp
	[33]	imp_helm_legend.esp
	[34]	Chesko_LoreBasedLoadingScreens.esp
	[35]	dD - Realistic Ragdoll Force - Realistic.esp
	[36]	RichMerchantsSkyrim_x10.esp
	[37]	Runandwalkpaces.esp
	[38]	RLO - CRF Patch.esp
	[39]	RLO - Effects.esp
	[40]	RLO - Illuminated Spells.esp
	[41]	RLO - VIS Patch.esp
	[42]	Immersive Citizens - AI Overhaul.esp
	[43]	RLO - IC Patch.esp
	[44]	ELFXEnhancer.esp
	[45]	Immersive Citizens - ELFXEnhancer patch.esp
	[46]	RealisticWaterTwo.esp
Saving menu open/close event registrations...
Saving key input event registrations...
Saving control input event registrations...
Saving mod callback event registrations...
Saving crosshair ref event registrations...
Saving camera event registrations...
Saving actor action event registrations...
Saving NiNode update event registrations...
Saving SKSEPersistentObjectStorage data...
Saving SKSEDelayFunctorManager data...
cleared save path
save name is Autosave2_00000000_0_41726D696E_RoriksteadFrostfruitInn_031509_20210906202601_54_1
full save path: C:\users\steamuser\Documents\My Games\Skyrim Special Edition\Saves\\Autosave2_00000000_0_41726D696E_RoriksteadFrostfruitInn_031509_20210906202601_54_1.skse
dispatch message (4) to plugin listeners
sending message type 4 to plugin 2
dispatched message.
creating co-save
Saving plugin list:
	[0]	Skyrim.esm
	[1]	Update.esm
	[2]	Dawnguard.esm
	[3]	HearthFires.esm
	[4]	Dragonborn.esm
	[5]	RSkyrimChildren.esm
	[6]	Lanterns Of Skyrim - All In One - Main.esm
	[7]	Unofficial Skyrim Special Edition Patch.esp
	[FE:0]	RealisticWaterTwo - Resources.esm
	[8]	SMIM-SE-Merged-All.esp
	[9]	ELFX - Exteriors.esp
	[10]	EnhancedLightsandFX.esp
	[11]	SkyUI_SE.esp
	[12]	SkyrimIsWindy.esp
	[13]	Skyrim Flora Overhaul.esp
	[14]	Landscape Fixes For Grass Mods.esp
	[15]	Cutting Room Floor.esp
	[16]	ELFX - Weathers.esp
	[17]	Hothtrooper44_ArmorCompilation.esp
	[18]	Hothtrooper44_Armor_Ecksstra.esp
	[19]	Vivid WeathersSE.esp
	[20]	Joy of Perspective.esp
	[21]	RSChildren.esp
	[22]	FNIS.esp
	[23]	IcePenguinWorldMap.esp
	[24]	widescreen_skyui_fix.esp
	[25]	RLO - Exteriors.esp
	[26]	RLO - Interiors.esp
	[27]	Immersive Patrols II.esp
	[28]	Ars Metallica.esp
	[29]	WetandCold.esp
	[30]	BarenziahQuestMarkers.esp
	[31]	UnreadBooksGlow.esp
	[32]	Footprints.esp
	[33]	imp_helm_legend.esp
	[34]	Chesko_LoreBasedLoadingScreens.esp
	[35]	dD - Realistic Ragdoll Force - Realistic.esp
	[36]	RichMerchantsSkyrim_x10.esp
	[37]	Runandwalkpaces.esp
	[38]	RLO - CRF Patch.esp
	[39]	RLO - Effects.esp
	[40]	RLO - Illuminated Spells.esp
	[41]	RLO - VIS Patch.esp
	[42]	Immersive Citizens - AI Overhaul.esp
	[43]	RLO - IC Patch.esp
	[44]	ELFXEnhancer.esp
	[45]	Immersive Citizens - ELFXEnhancer patch.esp
	[46]	RealisticWaterTwo.esp
Saving menu open/close event registrations...
Saving key input event registrations...
Saving control input event registrations...
Saving mod callback event registrations...
Saving crosshair ref event registrations...
Saving camera event registrations...
Saving actor action event registrations...
Saving NiNode update event registrations...
Saving SKSEPersistentObjectStorage data...
Saving SKSEDelayFunctorManager data...
cleared save path
save name is Autosave3_00000000_0_41726D696E_MarkarthWorld_031511_20210906202802_54_1
full save path: C:\users\steamuser\Documents\My Games\Skyrim Special Edition\Saves\\Autosave3_00000000_0_41726D696E_MarkarthWorld_031511_20210906202802_54_1.skse
dispatch message (4) to plugin listeners
sending message type 4 to plugin 2
dispatched message.
creating co-save
Saving plugin list:
	[0]	Skyrim.esm
	[1]	Update.esm
	[2]	Dawnguard.esm
	[3]	HearthFires.esm
	[4]	Dragonborn.esm
	[5]	RSkyrimChildren.esm
	[6]	Lanterns Of Skyrim - All In One - Main.esm
	[7]	Unofficial Skyrim Special Edition Patch.esp
	[FE:0]	RealisticWaterTwo - Resources.esm
	[8]	SMIM-SE-Merged-All.esp
	[9]	ELFX - Exteriors.esp
	[10]	EnhancedLightsandFX.esp
	[11]	SkyUI_SE.esp
	[12]	SkyrimIsWindy.esp
	[13]	Skyrim Flora Overhaul.esp
	[14]	Landscape Fixes For Grass Mods.esp
	[15]	Cutting Room Floor.esp
	[16]	ELFX - Weathers.esp
	[17]	Hothtrooper44_ArmorCompilation.esp
	[18]	Hothtrooper44_Armor_Ecksstra.esp
	[19]	Vivid WeathersSE.esp
	[20]	Joy of Perspective.esp
	[21]	RSChildren.esp
	[22]	FNIS.esp
	[23]	IcePenguinWorldMap.esp
	[24]	widescreen_skyui_fix.esp
	[25]	RLO - Exteriors.esp
	[26]	RLO - Interiors.esp
	[27]	Immersive Patrols II.esp
	[28]	Ars Metallica.esp
	[29]	WetandCold.esp
	[30]	BarenziahQuestMarkers.esp
	[31]	UnreadBooksGlow.esp
	[32]	Footprints.esp
	[33]	imp_helm_legend.esp
	[34]	Chesko_LoreBasedLoadingScreens.esp
	[35]	dD - Realistic Ragdoll Force - Realistic.esp
	[36]	RichMerchantsSkyrim_x10.esp
	[37]	Runandwalkpaces.esp
	[38]	RLO - CRF Patch.esp
	[39]	RLO - Effects.esp
	[40]	RLO - Illuminated Spells.esp
	[41]	RLO - VIS Patch.esp
	[42]	Immersive Citizens - AI Overhaul.esp
	[43]	RLO - IC Patch.esp
	[44]	ELFXEnhancer.esp
	[45]	Immersive Citizens - ELFXEnhancer patch.esp
	[46]	RealisticWaterTwo.esp
Saving menu open/close event registrations...
Saving key input event registrations...
Saving control input event registrations...
Saving mod callback event registrations...
Saving crosshair ref event registrations...
Saving camera event registrations...
Saving actor action event registrations...
Saving NiNode update event registrations...
Saving SKSEPersistentObjectStorage data...
Saving SKSEDelayFunctorManager data...
cleared save path
save name is Autosave1_00000000_0_41726D696E_MarkarthWorld_031512_20210906202813_54_1
full save path: C:\users\steamuser\Documents\My Games\Skyrim Special Edition\Saves\\Autosave1_00000000_0_41726D696E_MarkarthWorld_031512_20210906202813_54_1.skse
dispatch message (4) to plugin listeners
sending message type 4 to plugin 2
dispatched message.
creating co-save
Saving plugin list:
	[0]	Skyrim.esm
	[1]	Update.esm
	[2]	Dawnguard.esm
	[3]	HearthFires.esm
	[4]	Dragonborn.esm
	[5]	RSkyrimChildren.esm
	[6]	Lanterns Of Skyrim - All In One - Main.esm
	[7]	Unofficial Skyrim Special Edition Patch.esp
	[FE:0]	RealisticWaterTwo - Resources.esm
	[8]	SMIM-SE-Merged-All.esp
	[9]	ELFX - Exteriors.esp
	[10]	EnhancedLightsandFX.esp
	[11]	SkyUI_SE.esp
	[12]	SkyrimIsWindy.esp
	[13]	Skyrim Flora Overhaul.esp
	[14]	Landscape Fixes For Grass Mods.esp
	[15]	Cutting Room Floor.esp
	[16]	ELFX - Weathers.esp
	[17]	Hothtrooper44_ArmorCompilation.esp
	[18]	Hothtrooper44_Armor_Ecksstra.esp
	[19]	Vivid WeathersSE.esp
	[20]	Joy of Perspective.esp
	[21]	RSChildren.esp
	[22]	FNIS.esp
	[23]	IcePenguinWorldMap.esp
	[24]	widescreen_skyui_fix.esp
	[25]	RLO - Exteriors.esp
	[26]	RLO - Interiors.esp
	[27]	Immersive Patrols II.esp
	[28]	Ars Metallica.esp
	[29]	WetandCold.esp
	[30]	BarenziahQuestMarkers.esp
	[31]	UnreadBooksGlow.esp
	[32]	Footprints.esp
	[33]	imp_helm_legend.esp
	[34]	Chesko_LoreBasedLoadingScreens.esp
	[35]	dD - Realistic Ragdoll Force - Realistic.esp
	[36]	RichMerchantsSkyrim_x10.esp
	[37]	Runandwalkpaces.esp
	[38]	RLO - CRF Patch.esp
	[39]	RLO - Effects.esp
	[40]	RLO - Illuminated Spells.esp
	[41]	RLO - VIS Patch.esp
	[42]	Immersive Citizens - AI Overhaul.esp
	[43]	RLO - IC Patch.esp
	[44]	ELFXEnhancer.esp
	[45]	Immersive Citizens - ELFXEnhancer patch.esp
	[46]	RealisticWaterTwo.esp
Saving menu open/close event registrations...
Saving key input event registrations...
Saving control input event registrations...
Saving mod callback event registrations...
Saving crosshair ref event registrations...
Saving camera event registrations...
Saving actor action event registrations...
Saving NiNode update event registrations...
Saving SKSEPersistentObjectStorage data...
Saving SKSEDelayFunctorManager data...
cleared save path
save name is Autosave2_00000000_0_41726D696E_Tamriel_031513_20210906202926_54_1
full save path: C:\users\steamuser\Documents\My Games\Skyrim Special Edition\Saves\\Autosave2_00000000_0_41726D696E_Tamriel_031513_20210906202926_54_1.skse
dispatch message (4) to plugin listeners
sending message type 4 to plugin 2
dispatched message.
creating co-save
Saving plugin list:
	[0]	Skyrim.esm
	[1]	Update.esm
	[2]	Dawnguard.esm
	[3]	HearthFires.esm
	[4]	Dragonborn.esm
	[5]	RSkyrimChildren.esm
	[6]	Lanterns Of Skyrim - All In One - Main.esm
	[7]	Unofficial Skyrim Special Edition Patch.esp
	[FE:0]	RealisticWaterTwo - Resources.esm
	[8]	SMIM-SE-Merged-All.esp
	[9]	ELFX - Exteriors.esp
	[10]	EnhancedLightsandFX.esp
	[11]	SkyUI_SE.esp
	[12]	SkyrimIsWindy.esp
	[13]	Skyrim Flora Overhaul.esp
	[14]	Landscape Fixes For Grass Mods.esp
	[15]	Cutting Room Floor.esp
	[16]	ELFX - Weathers.esp
	[17]	Hothtrooper44_ArmorCompilation.esp
	[18]	Hothtrooper44_Armor_Ecksstra.esp
	[19]	Vivid WeathersSE.esp
	[20]	Joy of Perspective.esp
	[21]	RSChildren.esp
	[22]	FNIS.esp
	[23]	IcePenguinWorldMap.esp
	[24]	widescreen_skyui_fix.esp
	[25]	RLO - Exteriors.esp
	[26]	RLO - Interiors.esp
	[27]	Immersive Patrols II.esp
	[28]	Ars Metallica.esp
	[29]	WetandCold.esp
	[30]	BarenziahQuestMarkers.esp
	[31]	UnreadBooksGlow.esp
	[32]	Footprints.esp
	[33]	imp_helm_legend.esp
	[34]	Chesko_LoreBasedLoadingScreens.esp
	[35]	dD - Realistic Ragdoll Force - Realistic.esp
	[36]	RichMerchantsSkyrim_x10.esp
	[37]	Runandwalkpaces.esp
	[38]	RLO - CRF Patch.esp
	[39]	RLO - Effects.esp
	[40]	RLO - Illuminated Spells.esp
	[41]	RLO - VIS Patch.esp
	[42]	Immersive Citizens - AI Overhaul.esp
	[43]	RLO - IC Patch.esp
	[44]	ELFXEnhancer.esp
	[45]	Immersive Citizens - ELFXEnhancer patch.esp
	[46]	RealisticWaterTwo.esp
Saving menu open/close event registrations...
Saving key input event registrations...
Saving control input event registrations...
Saving mod callback event registrations...
Saving crosshair ref event registrations...
Saving camera event registrations...
Saving actor action event registrations...
Saving NiNode update event registrations...
Saving SKSEPersistentObjectStorage data...
Saving SKSEDelayFunctorManager data...
cleared save path
save name is Autosave3_00000000_0_41726D696E_Tamriel_031513_20210906202936_54_1
full save path: C:\users\steamuser\Documents\My Games\Skyrim Special Edition\Saves\\Autosave3_00000000_0_41726D696E_Tamriel_031513_20210906202936_54_1.skse
dispatch message (4) to plugin listeners
sending message type 4 to plugin 2
dispatched message.
creating co-save
Saving plugin list:
	[0]	Skyrim.esm
	[1]	Update.esm
	[2]	Dawnguard.esm
	[3]	HearthFires.esm
	[4]	Dragonborn.esm
	[5]	RSkyrimChildren.esm
	[6]	Lanterns Of Skyrim - All In One - Main.esm
	[7]	Unofficial Skyrim Special Edition Patch.esp
	[FE:0]	RealisticWaterTwo - Resources.esm
	[8]	SMIM-SE-Merged-All.esp
	[9]	ELFX - Exteriors.esp
	[10]	EnhancedLightsandFX.esp
	[11]	SkyUI_SE.esp
	[12]	SkyrimIsWindy.esp
	[13]	Skyrim Flora Overhaul.esp
	[14]	Landscape Fixes For Grass Mods.esp
	[15]	Cutting Room Floor.esp
	[16]	ELFX - Weathers.esp
	[17]	Hothtrooper44_ArmorCompilation.esp
	[18]	Hothtrooper44_Armor_Ecksstra.esp
	[19]	Vivid WeathersSE.esp
	[20]	Joy of Perspective.esp
	[21]	RSChildren.esp
	[22]	FNIS.esp
	[23]	IcePenguinWorldMap.esp
	[24]	widescreen_skyui_fix.esp
	[25]	RLO - Exteriors.esp
	[26]	RLO - Interiors.esp
	[27]	Immersive Patrols II.esp
	[28]	Ars Metallica.esp
	[29]	WetandCold.esp
	[30]	BarenziahQuestMarkers.esp
	[31]	UnreadBooksGlow.esp
	[32]	Footprints.esp
	[33]	imp_helm_legend.esp
	[34]	Chesko_LoreBasedLoadingScreens.esp
	[35]	dD - Realistic Ragdoll Force - Realistic.esp
	[36]	RichMerchantsSkyrim_x10.esp
	[37]	Runandwalkpaces.esp
	[38]	RLO - CRF Patch.esp
	[39]	RLO - Effects.esp
	[40]	RLO - Illuminated Spells.esp
	[41]	RLO - VIS Patch.esp
	[42]	Immersive Citizens - AI Overhaul.esp
	[43]	RLO - IC Patch.esp
	[44]	ELFXEnhancer.esp
	[45]	Immersive Citizens - ELFXEnhancer patch.esp
	[46]	RealisticWaterTwo.esp
Saving menu open/close event registrations...
Saving key input event registrations...
Saving control input event registrations...
Saving mod callback event registrations...
Saving crosshair ref event registrations...
Saving camera event registrations...
Saving actor action event registrations...
Saving NiNode update event registrations...
Saving SKSEPersistentObjectStorage data...
Saving SKSEDelayFunctorManager data...
cleared save path
save name is Quicksave0_00000000_0_41726D696E_Tamriel_031515_20210906203142_54_1
full save path: C:\users\steamuser\Documents\My Games\Skyrim Special Edition\Saves\\Quicksave0_00000000_0_41726D696E_Tamriel_031515_20210906203142_54_1.skse
dispatch message (4) to plugin listeners
sending message type 4 to plugin 2
dispatched message.
creating co-save
Saving plugin list:
	[0]	Skyrim.esm
	[1]	Update.esm
	[2]	Dawnguard.esm
	[3]	HearthFires.esm
	[4]	Dragonborn.esm
	[5]	RSkyrimChildren.esm
	[6]	Lanterns Of Skyrim - All In One - Main.esm
	[7]	Unofficial Skyrim Special Edition Patch.esp
	[FE:0]	RealisticWaterTwo - Resources.esm
	[8]	SMIM-SE-Merged-All.esp
	[9]	ELFX - Exteriors.esp
	[10]	EnhancedLightsandFX.esp
	[11]	SkyUI_SE.esp
	[12]	SkyrimIsWindy.esp
	[13]	Skyrim Flora Overhaul.esp
	[14]	Landscape Fixes For Grass Mods.esp
	[15]	Cutting Room Floor.esp
	[16]	ELFX - Weathers.esp
	[17]	Hothtrooper44_ArmorCompilation.esp
	[18]	Hothtrooper44_Armor_Ecksstra.esp
	[19]	Vivid WeathersSE.esp
	[20]	Joy of Perspective.esp
	[21]	RSChildren.esp
	[22]	FNIS.esp
	[23]	IcePenguinWorldMap.esp
	[24]	widescreen_skyui_fix.esp
	[25]	RLO - Exteriors.esp
	[26]	RLO - Interiors.esp
	[27]	Immersive Patrols II.esp
	[28]	Ars Metallica.esp
	[29]	WetandCold.esp
	[30]	BarenziahQuestMarkers.esp
	[31]	UnreadBooksGlow.esp
	[32]	Footprints.esp
	[33]	imp_helm_legend.esp
	[34]	Chesko_LoreBasedLoadingScreens.esp
	[35]	dD - Realistic Ragdoll Force - Realistic.esp
	[36]	RichMerchantsSkyrim_x10.esp
	[37]	Runandwalkpaces.esp
	[38]	RLO - CRF Patch.esp
	[39]	RLO - Effects.esp
	[40]	RLO - Illuminated Spells.esp
	[41]	RLO - VIS Patch.esp
	[42]	Immersive Citizens - AI Overhaul.esp
	[43]	RLO - IC Patch.esp
	[44]	ELFXEnhancer.esp
	[45]	Immersive Citizens - ELFXEnhancer patch.esp
	[46]	RealisticWaterTwo.esp
Saving menu open/close event registrations...
Saving key input event registrations...
Saving control input event registrations...
Saving mod callback event registrations...
Saving crosshair ref event registrations...
Saving camera event registrations...
Saving actor action event registrations...
Saving NiNode update event registrations...
Saving SKSEPersistentObjectStorage data...
Saving SKSEDelayFunctorManager data...
cleared save path
save name is Save96_00000000_0_41726D696E_Tamriel_031516_20210906203254_54_1
full save path: C:\users\steamuser\Documents\My Games\Skyrim Special Edition\Saves\\Save96_00000000_0_41726D696E_Tamriel_031516_20210906203254_54_1.skse
dispatch message (4) to plugin listeners
sending message type 4 to plugin 2
dispatched message.
creating co-save
Saving plugin list:
	[0]	Skyrim.esm
	[1]	Update.esm
	[2]	Dawnguard.esm
	[3]	HearthFires.esm
	[4]	Dragonborn.esm
	[5]	RSkyrimChildren.esm
	[6]	Lanterns Of Skyrim - All In One - Main.esm
	[7]	Unofficial Skyrim Special Edition Patch.esp
	[FE:0]	RealisticWaterTwo - Resources.esm
	[8]	SMIM-SE-Merged-All.esp
	[9]	ELFX - Exteriors.esp
	[10]	EnhancedLightsandFX.esp
	[11]	SkyUI_SE.esp
	[12]	SkyrimIsWindy.esp
	[13]	Skyrim Flora Overhaul.esp
	[14]	Landscape Fixes For Grass Mods.esp
	[15]	Cutting Room Floor.esp
	[16]	ELFX - Weathers.esp
	[17]	Hothtrooper44_ArmorCompilation.esp
	[18]	Hothtrooper44_Armor_Ecksstra.esp
	[19]	Vivid WeathersSE.esp
	[20]	Joy of Perspective.esp
	[21]	RSChildren.esp
	[22]	FNIS.esp
	[23]	IcePenguinWorldMap.esp
	[24]	widescreen_skyui_fix.esp
	[25]	RLO - Exteriors.esp
	[26]	RLO - Interiors.esp
	[27]	Immersive Patrols II.esp
	[28]	Ars Metallica.esp
	[29]	WetandCold.esp
	[30]	BarenziahQuestMarkers.esp
	[31]	UnreadBooksGlow.esp
	[32]	Footprints.esp
	[33]	imp_helm_legend.esp
	[34]	Chesko_LoreBasedLoadingScreens.esp
	[35]	dD - Realistic Ragdoll Force - Realistic.esp
	[36]	RichMerchantsSkyrim_x10.esp
	[37]	Runandwalkpaces.esp
	[38]	RLO - CRF Patch.esp
	[39]	RLO - Effects.esp
	[40]	RLO - Illuminated Spells.esp
	[41]	RLO - VIS Patch.esp
	[42]	Immersive Citizens - AI Overhaul.esp
	[43]	RLO - IC Patch.esp
	[44]	ELFXEnhancer.esp
	[45]	Immersive Citizens - ELFXEnhancer patch.esp
	[46]	RealisticWaterTwo.esp
Saving menu open/close event registrations...
Saving key input event registrations...
Saving control input event registrations...
Saving mod callback event registrations...
Saving crosshair ref event registrations...
Saving camera event registrations...
Saving actor action event registrations...
Saving NiNode update event registrations...
Saving SKSEPersistentObjectStorage data...
Saving SKSEDelayFunctorManager data...
cleared save path
dispatch message (5) to plugin listeners
sending message type 5 to plugin 2
dispatched message.
deleting co-save C:\users\steamuser\Documents\My Games\Skyrim Special Edition\Saves\\Save89_00000000_0_41726D696E_DLC2ApocryphaWorld_031218_20190113181120_53_1.skse
